2024-08-19 22:46:57,674 - INFO - training starts for model <class '__main__.Linear_Model_Of_Corregionalization'> with kernel <class '__main__.K_MS_with_Feat_Scaling'>; lr: 0.5; step_size:50; gamma:0.5
2024-08-19 22:46:57,680 - DEBUG - Completed
2024-08-19 22:47:02,564 - DEBUG - Iter 50/500 - Loss: 0.837
2024-08-19 22:47:07,712 - DEBUG - Iter 100/500 - Loss: 0.782
2024-08-19 22:47:12,897 - DEBUG - Iter 150/500 - Loss: 0.821
2024-08-19 22:47:20,795 - DEBUG - Iter 200/500 - Loss: 0.229
2024-08-19 22:47:25,704 - DEBUG - Iter 250/500 - Loss: -0.977
2024-08-19 22:47:30,389 - DEBUG - Iter 300/500 - Loss: -0.884
2024-08-19 22:47:35,080 - DEBUG - Iter 350/500 - Loss: -1.158
2024-08-19 22:47:39,889 - DEBUG - Iter 400/500 - Loss: -1.295
2024-08-19 22:47:44,579 - DEBUG - Iter 450/500 - Loss: -1.266
2024-08-19 22:47:49,284 - DEBUG - Iter 500/500 - Loss: -1.273
2024-08-19 22:47:49,492 - INFO - NLL: -1.1607; RMSE: 0.2075; NMSE: 0.9852
2024-08-19 22:47:49,494 - INFO - training starts for model <class '__main__.Linear_Model_Of_Corregionalization'> with kernel <class '__main__.K_MS'>; lr: 0.5; step_size:50; gamma:0.5
2024-08-19 22:47:49,498 - DEBUG - Completed
2024-08-19 22:47:53,657 - DEBUG - Iter 50/500 - Loss: -0.012
2024-08-19 22:47:58,563 - DEBUG - Iter 100/500 - Loss: 0.041
2024-08-19 22:48:04,844 - DEBUG - Iter 150/500 - Loss: -0.070
2024-08-19 22:48:12,567 - DEBUG - Iter 200/500 - Loss: -0.454
2024-08-19 22:48:18,350 - DEBUG - Iter 250/500 - Loss: -0.709
2024-08-19 22:48:24,218 - DEBUG - Iter 300/500 - Loss: -0.991
2024-08-19 22:48:28,950 - DEBUG - Iter 350/500 - Loss: -1.086
2024-08-19 22:48:33,137 - DEBUG - Iter 400/500 - Loss: -1.164
2024-08-19 22:48:37,228 - DEBUG - Iter 450/500 - Loss: -1.281
2024-08-19 22:48:41,243 - DEBUG - Iter 500/500 - Loss: -1.285
2024-08-19 22:48:41,479 - INFO - NLL: -1.1717; RMSE: 0.2057; NMSE: 0.9767
2024-08-19 22:51:22,490 - INFO - training starts for model <class '__main__.Linear_Model_Of_Corregionalization'> with kernel <class '__main__.K_MS_with_Feat_Scaling'>; lr: 0.3; step_size:50; gamma:0.5
2024-08-19 22:51:22,496 - DEBUG - Completed
2024-08-19 22:51:27,554 - DEBUG - Iter 50/500 - Loss: 0.815
2024-08-19 22:51:32,458 - DEBUG - Iter 100/500 - Loss: -0.477
2024-08-19 22:51:37,261 - DEBUG - Iter 150/500 - Loss: -0.827
2024-08-19 22:51:41,967 - DEBUG - Iter 200/500 - Loss: -1.111
2024-08-19 22:51:46,671 - DEBUG - Iter 250/500 - Loss: -1.247
2024-08-19 22:51:51,437 - DEBUG - Iter 300/500 - Loss: -1.263
2024-08-19 22:51:56,113 - DEBUG - Iter 350/500 - Loss: -1.264
2024-08-19 22:52:00,859 - DEBUG - Iter 400/500 - Loss: -1.253
2024-08-19 22:52:05,552 - DEBUG - Iter 450/500 - Loss: -1.267
2024-08-19 22:52:10,364 - DEBUG - Iter 500/500 - Loss: -1.245
2024-08-19 22:52:10,545 - INFO - NLL: -1.1696; RMSE: 0.2075; NMSE: 0.9851
2024-08-19 22:52:10,547 - INFO - training starts for model <class '__main__.Linear_Model_Of_Corregionalization'> with kernel <class '__main__.K_MS'>; lr: 0.3; step_size:50; gamma:0.5
2024-08-19 22:52:10,552 - DEBUG - Completed
2024-08-19 22:52:14,614 - DEBUG - Iter 50/500 - Loss: -0.245
2024-08-19 22:52:18,730 - DEBUG - Iter 100/500 - Loss: -0.738
2024-08-19 22:52:23,093 - DEBUG - Iter 150/500 - Loss: -1.024
2024-08-19 22:52:27,286 - DEBUG - Iter 200/500 - Loss: -1.243
2024-08-19 22:52:31,649 - DEBUG - Iter 250/500 - Loss: -1.312
2024-08-19 22:52:35,770 - DEBUG - Iter 300/500 - Loss: -1.363
2024-08-19 22:52:39,926 - DEBUG - Iter 350/500 - Loss: -1.370
2024-08-19 22:52:43,999 - DEBUG - Iter 400/500 - Loss: -1.403
2024-08-19 22:52:48,057 - DEBUG - Iter 450/500 - Loss: -1.432
2024-08-19 22:52:52,134 - DEBUG - Iter 500/500 - Loss: -1.387
2024-08-19 22:52:52,370 - INFO - NLL: -1.1961; RMSE: 0.2148; NMSE: 1.0199
2024-08-20 10:40:29,890 - INFO - training starts for model <class '__main__.Linear_Model_Of_Corregionalization'> with kernel <class '__main__.K_MS_with_Feat_Scaling'>; lr: 0.3; step_size:50; gamma:0.5
2024-08-20 10:40:29,910 - DEBUG - Completed
2024-08-20 10:44:07,547 - INFO - training starts for model <class '__main__.Linear_Model_Of_Corregionalization'> with kernel <class '__main__.K_MS_with_Feat_Scaling'>; lr: 0.3; step_size:50; gamma:0.5
2024-08-20 10:44:07,556 - DEBUG - Completed
2024-08-22 16:16:55,083 - INFO - training starts for model <class '__main__.Linear_Model_Of_Corregionalization'> with kernel <class '__main__.K_MS_with_Feat_Scaling'>; lr: 0.3; step_size:50; gamma:0.5
2024-08-22 16:16:55,106 - DEBUG - Completed
2024-09-01 07:19:17,679 - INFO - training starts for model <class '__main__.Linear_Model_Of_Corregionalization'> with kernel <class '__main__.K_MS_with_Feat_Scaling'>; lr: 0.3; step_size:50; gamma:0.5
2024-09-01 07:19:17,699 - DEBUG - Completed
2024-09-01 07:19:51,648 - INFO - training starts for model <class '__main__.Linear_Model_Of_Corregionalization'> with kernel <class '__main__.K_MS_with_Feat_Scaling'>; lr: 0.3; step_size:50; gamma:0.5
2024-09-01 07:19:51,675 - DEBUG - Completed
2024-09-01 07:22:30,623 - INFO - training starts for model <class '__main__.Linear_Model_Of_Corregionalization'> with kernel <class '__main__.K_MS_with_Feat_Scaling'>; lr: 0.3; step_size:50; gamma:0.5
2024-09-01 07:22:30,640 - DEBUG - Completed
2024-09-01 07:22:35,060 - DEBUG - Iter 50/500 - Loss: 6.424
2024-09-01 07:22:39,100 - DEBUG - Iter 100/500 - Loss: 6.079
2024-09-01 07:22:42,982 - DEBUG - Iter 150/500 - Loss: 5.302
2024-09-01 07:22:46,992 - DEBUG - Iter 200/500 - Loss: 5.120
2024-09-01 07:22:50,865 - DEBUG - Iter 250/500 - Loss: 4.781
2024-09-01 07:22:54,626 - DEBUG - Iter 300/500 - Loss: 3.958
2024-09-01 07:22:58,454 - DEBUG - Iter 350/500 - Loss: 3.854
2024-09-01 07:23:02,254 - DEBUG - Iter 400/500 - Loss: 3.831
2024-09-01 07:23:06,015 - DEBUG - Iter 450/500 - Loss: 3.822
2024-09-01 07:23:10,086 - DEBUG - Iter 500/500 - Loss: 3.817
2024-09-01 07:23:10,087 - INFO - Early cut off at epoch 499 with loss of 3.8172500133514404
2024-09-01 07:23:10,155 - INFO - NLL: 14.0649; RMSE: 573.8542; NMSE: 0.0005
2024-09-01 11:20:46,331 - INFO - training starts for model <class '__main__.Linear_Model_Of_Corregionalization'> with kernel <class '__main__.K_MS_with_Feat_Scaling'>; lr: 0.3; step_size:50; gamma:0.5
2024-09-01 11:20:46,355 - DEBUG - Completed
2024-09-01 11:20:55,359 - DEBUG - Iter 50/500 - Loss: 0.452
2024-09-01 11:21:04,896 - DEBUG - Iter 100/500 - Loss: -0.447
2024-09-01 11:21:14,434 - DEBUG - Iter 150/500 - Loss: 2.491
2024-09-01 11:21:23,553 - DEBUG - Iter 200/500 - Loss: 2.800
2024-09-01 11:21:31,884 - DEBUG - Iter 250/500 - Loss: 2.815
2024-09-01 11:21:40,428 - DEBUG - Iter 300/500 - Loss: 2.803
2024-09-01 11:21:48,695 - DEBUG - Iter 350/500 - Loss: 2.802
2024-09-01 11:21:54,264 - DEBUG - Iter 400/500 - Loss: 2.809
2024-09-01 11:21:54,265 - INFO - Early cut off at epoch 399 with loss of 2.8089523315429688
2024-09-01 11:21:54,918 - INFO - NLL: 3.0876; RMSE: 0.6742; NMSE: 3.2010
2024-09-01 11:22:35,351 - INFO - training starts for model <class '__main__.Linear_Model_Of_Corregionalization'> with kernel <class '__main__.K_MS_with_Feat_Scaling'>; lr: 0.3; step_size:50; gamma:0.5
2024-09-01 11:22:35,359 - DEBUG - Completed
2024-09-01 11:22:43,272 - INFO - training starts for model <class '__main__.Linear_Model_Of_Corregionalization'> with kernel <class '__main__.K_MS_with_Feat_Scaling'>; lr: 0.3; step_size:50; gamma:0.5
2024-09-01 11:22:43,454 - DEBUG - Completed
2024-09-01 11:22:49,870 - DEBUG - Iter 50/500 - Loss: -0.544
2024-09-01 11:23:01,736 - DEBUG - Iter 100/500 - Loss: 3.449
2024-09-01 11:23:07,081 - DEBUG - Iter 150/500 - Loss: 3.532
2024-09-01 11:23:07,081 - INFO - Early cut off at epoch 149 with loss of 3.531921148300171
2024-09-01 11:23:07,316 - INFO - NLL: 3.8559; RMSE: 0.8909; NMSE: 4.2301
2024-09-01 11:24:52,025 - INFO - training starts for model <class '__main__.Linear_Model_Of_Corregionalization'> with kernel <class '__main__.K_MS_with_Feat_Scaling'>; lr: 0.17787475883960724; step_size:33; gamma:0.35
2024-09-01 11:24:52,032 - DEBUG - Completed
2024-09-01 11:24:55,757 - DEBUG - Iter 33/500 - Loss: -0.744
2024-09-01 11:24:59,269 - DEBUG - Iter 66/500 - Loss: -1.095
2024-09-01 11:25:02,773 - DEBUG - Iter 99/500 - Loss: -1.218
2024-09-01 11:25:06,232 - DEBUG - Iter 132/500 - Loss: -1.253
2024-09-01 11:25:06,232 - INFO - Early cut off at epoch 131 with loss of -1.25273859500885
2024-09-01 11:25:06,462 - INFO - NLL: -1.0840; RMSE: 0.2092; NMSE: 0.9932
2024-09-01 11:26:49,720 - INFO - training starts for model <class '__main__.Linear_Model_Of_Corregionalization'> with kernel <class 'gpytorch.kernels.rbf_kernel.RBFKernel'>; lr: 0.69; step_size:33; gamma:0.5
2024-09-01 11:26:49,725 - DEBUG - Completed
2024-09-01 11:26:52,220 - DEBUG - Iter 33/500 - Loss: 65.768
2024-09-01 11:26:54,394 - DEBUG - Iter 66/500 - Loss: 55.813
2024-09-01 11:26:56,605 - DEBUG - Iter 99/500 - Loss: 52.295
2024-09-01 11:26:58,892 - DEBUG - Iter 132/500 - Loss: 50.517
2024-09-01 11:27:01,124 - DEBUG - Iter 165/500 - Loss: 49.588
2024-09-01 11:27:01,124 - INFO - Early cut off at epoch 164 with loss of 49.58796691894531
2024-09-01 11:27:01,194 - INFO - NLL: 75.4033; RMSE: 1051.4624; NMSE: 0.0010
2024-09-02 00:26:33,763 - INFO - training starts for model <class '__main__.MultitaskGP'> with kernel <class 'gpytorch.kernels.rbf_kernel.RBFKernel'>; lr: 0.18; step_size:55; gamma:0.8
2024-09-02 00:26:35,783 - DEBUG - Iter 55/500 - Loss: -0.592
2024-09-02 00:26:36,353 - DEBUG - Iter 110/500 - Loss: -0.716
2024-09-02 00:26:36,905 - DEBUG - Iter 165/500 - Loss: -1.058
2024-09-02 00:26:37,462 - DEBUG - Iter 220/500 - Loss: -1.051
2024-09-02 00:26:38,022 - DEBUG - Iter 275/500 - Loss: -0.901
2024-09-02 00:26:38,597 - DEBUG - Iter 330/500 - Loss: -1.140
2024-09-02 00:26:39,165 - DEBUG - Iter 385/500 - Loss: -1.190
2024-09-02 00:26:39,729 - DEBUG - Iter 440/500 - Loss: -1.170
2024-09-02 00:26:40,338 - DEBUG - Iter 495/500 - Loss: -1.198
2024-09-02 00:26:40,411 - INFO - NLL: -1.1209; RMSE: 0.1930; NMSE: 0.9589
2024-09-02 00:26:40,412 - INFO - training starts for model <class '__main__.Linear_Model_Of_Corregionalization'> with kernel <class 'gpytorch.kernels.rbf_kernel.RBFKernel'>; lr: 0.69; step_size:32; gamma:0.5
2024-09-02 00:26:40,417 - DEBUG - Completed
2024-09-02 00:26:41,924 - DEBUG - Iter 32/500 - Loss: -0.134
2024-09-02 00:26:43,411 - DEBUG - Iter 64/500 - Loss: -0.634
2024-09-02 00:26:44,912 - DEBUG - Iter 96/500 - Loss: -0.928
2024-09-02 00:26:46,409 - DEBUG - Iter 128/500 - Loss: -1.061
2024-09-02 00:26:47,927 - DEBUG - Iter 160/500 - Loss: -1.098
2024-09-02 00:26:47,927 - INFO - Early cut off at epoch 159 with loss of -1.0984954833984375
2024-09-02 00:26:47,974 - INFO - NLL: -1.0342; RMSE: 0.2094; NMSE: 1.0404
2024-09-02 00:26:47,975 - INFO - training starts for model <class '__main__.MultitaskGP'> with kernel <class '__main__.K_MS'>; lr: 0.52; step_size:100; gamma:0.5
2024-09-02 00:26:49,108 - DEBUG - Iter 100/500 - Loss: 0.987
2024-09-02 00:29:40,573 - INFO - FOLD 1
2024-09-02 00:29:40,575 - INFO - training starts for model <class '__main__.MultitaskGP'> with kernel <class 'gpytorch.kernels.rbf_kernel.RBFKernel'>; lr: 0.18; step_size:55; gamma:0.8
2024-09-02 00:29:41,178 - DEBUG - Iter 55/500 - Loss: -0.511
2024-09-02 00:29:41,784 - DEBUG - Iter 110/500 - Loss: -0.336
2024-09-02 00:29:42,357 - DEBUG - Iter 165/500 - Loss: -0.800
2024-09-02 00:29:42,931 - DEBUG - Iter 220/500 - Loss: -1.141
2024-09-02 00:29:43,500 - DEBUG - Iter 275/500 - Loss: -1.189
2024-09-02 00:29:44,079 - DEBUG - Iter 330/500 - Loss: -1.198
2024-09-02 00:29:44,079 - INFO - Early cut off at epoch 329 with loss of -1.1977993249893188
2024-09-02 00:29:44,091 - INFO - NLL: -1.1500; RMSE: 0.1854; NMSE: 0.9440
2024-09-02 00:29:44,092 - INFO - FOLD 2
2024-09-02 00:29:44,094 - INFO - training starts for model <class '__main__.MultitaskGP'> with kernel <class 'gpytorch.kernels.rbf_kernel.RBFKernel'>; lr: 0.18; step_size:55; gamma:0.8
2024-09-02 00:29:44,680 - DEBUG - Iter 55/500 - Loss: -0.593
2024-09-02 00:29:45,253 - DEBUG - Iter 110/500 - Loss: -0.444
2024-09-02 00:29:45,847 - DEBUG - Iter 165/500 - Loss: -0.736
2024-09-02 00:29:46,423 - DEBUG - Iter 220/500 - Loss: -0.856
2024-09-02 00:29:46,994 - DEBUG - Iter 275/500 - Loss: -0.872
2024-09-02 00:29:46,995 - INFO - Early cut off at epoch 274 with loss of -0.8722142577171326
2024-09-02 00:29:47,005 - INFO - NLL: 0.2274; RMSE: 0.2467; NMSE: 1.2148
2024-09-02 00:29:47,006 - INFO - FOLD 3
2024-09-02 00:29:47,008 - INFO - training starts for model <class '__main__.MultitaskGP'> with kernel <class 'gpytorch.kernels.rbf_kernel.RBFKernel'>; lr: 0.18; step_size:55; gamma:0.8
2024-09-02 00:29:47,616 - DEBUG - Iter 55/500 - Loss: -0.418
2024-09-02 00:29:48,200 - DEBUG - Iter 110/500 - Loss: -0.379
2024-09-02 00:29:48,792 - DEBUG - Iter 165/500 - Loss: -0.582
2024-09-02 00:29:49,364 - DEBUG - Iter 220/500 - Loss: -0.743
2024-09-02 00:29:49,950 - DEBUG - Iter 275/500 - Loss: -0.691
2024-09-02 00:29:50,517 - DEBUG - Iter 330/500 - Loss: -0.829
2024-09-02 00:29:51,089 - DEBUG - Iter 385/500 - Loss: -0.998
2024-09-02 00:29:51,680 - DEBUG - Iter 440/500 - Loss: -0.996
2024-09-02 00:29:52,268 - DEBUG - Iter 495/500 - Loss: -1.038
2024-09-02 00:29:52,335 - INFO - NLL: -0.7597; RMSE: 0.2251; NMSE: 1.2332
2024-09-02 00:29:52,335 - INFO - FOLD 4
2024-09-02 00:29:52,338 - INFO - training starts for model <class '__main__.MultitaskGP'> with kernel <class 'gpytorch.kernels.rbf_kernel.RBFKernel'>; lr: 0.18; step_size:55; gamma:0.8
2024-09-02 00:29:52,926 - DEBUG - Iter 55/500 - Loss: -0.633
2024-09-02 00:29:53,522 - DEBUG - Iter 110/500 - Loss: -0.425
2024-09-02 00:29:54,096 - DEBUG - Iter 165/500 - Loss: -0.843
2024-09-02 00:29:54,694 - DEBUG - Iter 220/500 - Loss: -1.070
2024-09-02 00:29:55,300 - DEBUG - Iter 275/500 - Loss: -0.908
2024-09-02 00:29:55,868 - DEBUG - Iter 330/500 - Loss: -0.822
2024-09-02 00:29:56,446 - DEBUG - Iter 385/500 - Loss: -1.019
2024-09-02 00:29:57,034 - DEBUG - Iter 440/500 - Loss: -0.997
2024-09-02 00:29:57,613 - DEBUG - Iter 495/500 - Loss: -1.182
2024-09-02 00:29:57,676 - INFO - NLL: -1.1945; RMSE: 0.2076; NMSE: 0.9632
2024-09-02 00:29:57,677 - INFO - FOLD 5
2024-09-02 00:29:57,679 - INFO - training starts for model <class '__main__.MultitaskGP'> with kernel <class 'gpytorch.kernels.rbf_kernel.RBFKernel'>; lr: 0.18; step_size:55; gamma:0.8
2024-09-02 00:29:58,263 - DEBUG - Iter 55/500 - Loss: -0.425
2024-09-02 00:29:58,851 - DEBUG - Iter 110/500 - Loss: -0.993
2024-09-02 00:29:59,456 - DEBUG - Iter 165/500 - Loss: -0.823
2024-09-02 00:30:00,082 - DEBUG - Iter 220/500 - Loss: -0.965
2024-09-02 00:30:00,760 - DEBUG - Iter 275/500 - Loss: -0.839
2024-09-02 00:30:01,436 - DEBUG - Iter 330/500 - Loss: -0.853
