2024-08-25 14:46:00,231 - INFO - Progress:0/771
2024-08-25 14:46:00,234 - INFO - training starts for model <class '__main__.Linear_Model_Of_Corregionalization'> with kernel <class '__main__.K_MS'>; lr: 0.6907755732536316; step_size:100.0; gamma:0.20000000298023224
2024-08-25 14:46:00,248 - DEBUG - Completed
2024-08-25 14:50:55,101 - DEBUG - Iter 100/500 - Loss: 5.646
2024-08-25 14:52:24,079 - DEBUG - Iter 200/500 - Loss: 5.091
2024-08-25 14:52:49,138 - DEBUG - Iter 300/500 - Loss: 5.089
2024-08-25 14:52:49,138 - INFO - Early cut off at epoch 299 with loss of 5.088891506195068
2024-08-25 14:52:52,057 - INFO - NLL: 5696.2773; RMSE: 12447.5391; NMSE: 59101.9864
2024-08-25 14:52:52,058 - INFO - Progress:1/771
2024-08-25 14:52:52,058 - INFO - training starts for model <class '__main__.Linear_Model_Of_Corregionalization'> with kernel <class '__main__.K_MS'>; lr: 0.6907755732536316; step_size:10.0; gamma:0.3500000238418579
2024-08-25 14:52:52,067 - DEBUG - Completed
2024-08-25 14:52:54,174 - DEBUG - Iter 10/500 - Loss: 0.858
2024-08-25 14:53:02,127 - DEBUG - Iter 20/500 - Loss: 2.494
2024-08-25 14:53:03,794 - DEBUG - Iter 30/500 - Loss: 2.832
2024-08-25 14:53:05,452 - DEBUG - Iter 40/500 - Loss: 2.870
2024-08-25 14:53:07,118 - DEBUG - Iter 50/500 - Loss: 2.882
2024-08-25 14:53:08,802 - DEBUG - Iter 60/500 - Loss: 2.875
2024-08-25 14:53:08,802 - INFO - Early cut off at epoch 59 with loss of 2.8746678829193115
2024-08-25 14:53:09,470 - INFO - NLL: 3.2178; RMSE: 0.5798; NMSE: 2.7527
2024-08-25 14:53:09,471 - INFO - Progress:2/771
2024-08-25 14:53:09,471 - INFO - training starts for model <class '__main__.Linear_Model_Of_Corregionalization'> with kernel <class '__main__.K_MS'>; lr: 0.6907755732536316; step_size:32.5; gamma:0.3500000238418579
2024-08-25 14:53:09,480 - DEBUG - Completed
2024-08-25 14:55:12,428 - DEBUG - Iter 65/500 - Loss: 2.799
