2024-08-23 15:37:26,379 - INFO - training starts for model <class '__main__.Linear_Model_Of_Corregionalization'> with kernel <class '__main__.K_MS_with_Feat_Scaling'>; lr: 0.006907748989760876; step_size:10.0; gamma:0.20000000298023224
2024-08-23 15:37:26,397 - DEBUG - Completed
2024-08-23 15:37:44,372 - DEBUG - Iter 10/500 - Loss: 3.126
2024-08-23 15:37:54,315 - DEBUG - Iter 20/500 - Loss: 3.091
2024-08-23 15:38:04,077 - DEBUG - Iter 30/500 - Loss: 3.081
2024-08-23 15:38:13,778 - DEBUG - Iter 40/500 - Loss: 3.082
2024-08-23 15:38:13,779 - INFO - Early cut off at epoch 39 with loss of 3.0816876888275146
2024-08-23 15:38:14,515 - INFO - NLL: 3.1138; RMSE: 0.6471; NMSE: 3.0726
2024-08-23 15:38:14,517 - INFO - training starts for model <class '__main__.Linear_Model_Of_Corregionalization'> with kernel <class '__main__.K_MS_with_Feat_Scaling'>; lr: 0.006907748989760876; step_size:32.5; gamma:0.20000000298023224
2024-08-23 15:38:14,527 - DEBUG - Completed
2024-08-23 15:38:57,651 - DEBUG - Iter 65/500 - Loss: 2.264
2024-08-23 15:39:11,233 - DEBUG - Iter 130/500 - Loss: 1.944
2024-08-23 15:39:24,238 - DEBUG - Iter 195/500 - Loss: 1.870
2024-08-23 15:39:38,640 - DEBUG - Iter 260/500 - Loss: 1.858
2024-08-23 15:39:51,825 - DEBUG - Iter 325/500 - Loss: 1.855
2024-08-23 15:40:05,009 - DEBUG - Iter 390/500 - Loss: 1.854
2024-08-23 15:40:18,169 - DEBUG - Iter 455/500 - Loss: 1.852
2024-08-23 15:40:27,731 - INFO - NLL: 1.9133; RMSE: 0.2974; NMSE: 1.4122
2024-08-23 15:40:27,733 - INFO - training starts for model <class '__main__.Linear_Model_Of_Corregionalization'> with kernel <class '__main__.K_MS_with_Feat_Scaling'>; lr: 0.006907748989760876; step_size:55.0; gamma:0.20000000298023224
2024-08-23 15:40:27,743 - DEBUG - Completed
2024-08-23 15:41:08,340 - DEBUG - Iter 55/500 - Loss: 2.419
2024-08-23 15:41:22,802 - DEBUG - Iter 110/500 - Loss: 2.179
2024-08-23 15:41:34,630 - DEBUG - Iter 165/500 - Loss: 2.127
2024-08-23 15:41:46,326 - DEBUG - Iter 220/500 - Loss: 2.123
2024-08-23 15:41:46,327 - INFO - Early cut off at epoch 219 with loss of 2.1230528354644775
2024-08-23 15:41:46,749 - INFO - NLL: 2.2017; RMSE: 0.3855; NMSE: 1.8304
2024-08-23 15:41:46,750 - INFO - training starts for model <class '__main__.Linear_Model_Of_Corregionalization'> with kernel <class '__main__.K_MS_with_Feat_Scaling'>; lr: 0.006907748989760876; step_size:77.5; gamma:0.20000000298023224
2024-08-23 15:41:46,760 - DEBUG - Completed
2024-08-23 15:42:50,767 - DEBUG - Iter 155/500 - Loss: 0.426
2024-08-23 15:43:29,516 - DEBUG - Iter 310/500 - Loss: 0.309
2024-08-23 15:44:04,204 - DEBUG - Iter 465/500 - Loss: 0.290
2024-08-23 15:44:12,266 - INFO - NLL: 0.2800; RMSE: 0.2075; NMSE: 0.9851
2024-08-23 15:44:12,269 - INFO - training starts for model <class '__main__.Linear_Model_Of_Corregionalization'> with kernel <class '__main__.K_MS_with_Feat_Scaling'>; lr: 0.006907748989760876; step_size:100.0; gamma:0.20000000298023224
2024-08-23 15:44:12,278 - DEBUG - Completed
2024-08-23 15:45:03,179 - DEBUG - Iter 100/500 - Loss: 1.249
2024-08-23 15:45:25,607 - DEBUG - Iter 200/500 - Loss: 0.661
2024-08-23 15:45:50,068 - DEBUG - Iter 300/500 - Loss: 0.627
2024-08-23 15:46:14,360 - DEBUG - Iter 400/500 - Loss: 0.622
2024-08-23 15:46:38,223 - DEBUG - Iter 500/500 - Loss: 0.620
2024-08-23 15:46:38,224 - INFO - Early cut off at epoch 499 with loss of 0.6203532814979553
2024-08-23 15:46:38,633 - INFO - NLL: 0.6356; RMSE: 0.2076; NMSE: 0.9856
2024-08-23 15:46:38,634 - INFO - training starts for model <class '__main__.Linear_Model_Of_Corregionalization'> with kernel <class '__main__.K_MS_with_Feat_Scaling'>; lr: 0.006907748989760876; step_size:10.0; gamma:0.3500000238418579
2024-08-23 15:46:38,644 - DEBUG - Completed
2024-08-23 15:46:49,434 - DEBUG - Iter 10/500 - Loss: 3.135
2024-08-23 15:46:59,172 - DEBUG - Iter 20/500 - Loss: 3.079
2024-08-23 15:47:08,515 - DEBUG - Iter 30/500 - Loss: 3.060
2024-08-23 15:47:17,699 - DEBUG - Iter 40/500 - Loss: 3.056
2024-08-23 15:47:17,700 - INFO - Early cut off at epoch 39 with loss of 3.0564160346984863
2024-08-23 15:47:18,388 - INFO - NLL: 3.0739; RMSE: 0.6309; NMSE: 2.9956
2024-08-23 15:47:18,390 - INFO - training starts for model <class '__main__.Linear_Model_Of_Corregionalization'> with kernel <class '__main__.K_MS_with_Feat_Scaling'>; lr: 0.006907748989760876; step_size:32.5; gamma:0.3500000238418579
2024-08-23 15:47:18,399 - DEBUG - Completed
2024-08-23 15:48:01,590 - DEBUG - Iter 65/500 - Loss: 2.257
2024-08-23 15:48:14,816 - DEBUG - Iter 130/500 - Loss: 1.671
2024-08-23 15:48:27,678 - DEBUG - Iter 195/500 - Loss: 1.416
2024-08-23 15:48:41,087 - DEBUG - Iter 260/500 - Loss: 1.155
2024-08-23 15:48:55,439 - DEBUG - Iter 325/500 - Loss: 1.118
2024-08-23 15:49:10,098 - DEBUG - Iter 390/500 - Loss: 1.103
2024-08-23 15:49:24,751 - DEBUG - Iter 455/500 - Loss: 1.108
2024-08-23 15:49:35,314 - INFO - NLL: 1.3710; RMSE: 0.2285; NMSE: 1.0848
2024-08-23 15:49:35,316 - INFO - training starts for model <class '__main__.Linear_Model_Of_Corregionalization'> with kernel <class '__main__.K_MS_with_Feat_Scaling'>; lr: 0.006907748989760876; step_size:55.0; gamma:0.3500000238418579
2024-08-23 15:49:35,325 - DEBUG - Completed
2024-08-23 15:50:15,553 - DEBUG - Iter 55/500 - Loss: 2.364
2024-08-23 15:50:28,554 - DEBUG - Iter 110/500 - Loss: 1.954
2024-08-23 15:50:39,638 - DEBUG - Iter 165/500 - Loss: 1.791
2024-08-23 15:50:50,497 - DEBUG - Iter 220/500 - Loss: 1.730
2024-08-23 15:51:01,400 - DEBUG - Iter 275/500 - Loss: 1.703
2024-08-23 15:51:12,298 - DEBUG - Iter 330/500 - Loss: 1.693
2024-08-23 15:51:23,201 - DEBUG - Iter 385/500 - Loss: 1.691
2024-08-23 15:51:34,105 - DEBUG - Iter 440/500 - Loss: 1.698
2024-08-23 15:51:45,295 - DEBUG - Iter 495/500 - Loss: 1.698
2024-08-23 15:51:46,719 - INFO - NLL: 1.7713; RMSE: 0.2855; NMSE: 1.3554
2024-08-23 15:51:46,720 - INFO - training starts for model <class '__main__.Linear_Model_Of_Corregionalization'> with kernel <class '__main__.K_MS_with_Feat_Scaling'>; lr: 0.006907748989760876; step_size:77.5; gamma:0.3500000238418579
2024-08-23 15:51:46,729 - DEBUG - Completed
2024-08-23 15:52:48,869 - DEBUG - Iter 155/500 - Loss: 0.422
2024-08-23 15:53:23,164 - DEBUG - Iter 310/500 - Loss: 0.226
2024-08-23 15:54:00,084 - DEBUG - Iter 465/500 - Loss: 0.174
2024-08-23 15:54:09,776 - INFO - NLL: 0.1577; RMSE: 0.2075; NMSE: 0.9851
2024-08-23 15:54:09,777 - INFO - training starts for model <class '__main__.Linear_Model_Of_Corregionalization'> with kernel <class '__main__.K_MS_with_Feat_Scaling'>; lr: 0.006907748989760876; step_size:100.0; gamma:0.3500000238418579
2024-08-23 15:54:09,786 - DEBUG - Completed
2024-08-23 15:55:00,362 - DEBUG - Iter 100/500 - Loss: 1.287
2024-08-23 15:55:22,523 - DEBUG - Iter 200/500 - Loss: 0.549
2024-08-23 15:55:46,167 - DEBUG - Iter 300/500 - Loss: 0.501
2024-08-23 15:56:09,536 - DEBUG - Iter 400/500 - Loss: 0.487
2024-08-23 15:56:33,178 - DEBUG - Iter 500/500 - Loss: 0.482
2024-08-23 15:56:33,593 - INFO - NLL: 0.4759; RMSE: 0.2075; NMSE: 0.9852
2024-08-23 15:56:33,595 - INFO - training starts for model <class '__main__.Linear_Model_Of_Corregionalization'> with kernel <class '__main__.K_MS_with_Feat_Scaling'>; lr: 0.006907748989760876; step_size:10.0; gamma:0.5
2024-08-23 15:56:33,604 - DEBUG - Completed
2024-08-23 15:56:44,194 - DEBUG - Iter 10/500 - Loss: 3.131
2024-08-23 15:56:53,821 - DEBUG - Iter 20/500 - Loss: 3.060
2024-08-23 15:57:02,814 - DEBUG - Iter 30/500 - Loss: 3.023
2024-08-23 15:57:11,601 - DEBUG - Iter 40/500 - Loss: 3.008
2024-08-23 15:57:20,349 - DEBUG - Iter 50/500 - Loss: 2.993
2024-08-23 15:57:29,059 - DEBUG - Iter 60/500 - Loss: 2.991
2024-08-23 15:57:29,060 - INFO - Early cut off at epoch 59 with loss of 2.9906165599823
2024-08-23 15:57:29,746 - INFO - NLL: 3.0212; RMSE: 0.6113; NMSE: 2.9024
2024-08-23 15:57:29,747 - INFO - training starts for model <class '__main__.Linear_Model_Of_Corregionalization'> with kernel <class '__main__.K_MS_with_Feat_Scaling'>; lr: 0.006907748989760876; step_size:32.5; gamma:0.5
2024-08-23 15:57:29,757 - DEBUG - Completed
2024-08-23 15:58:12,780 - DEBUG - Iter 65/500 - Loss: 2.246
2024-08-23 15:58:26,319 - DEBUG - Iter 130/500 - Loss: 1.336
2024-08-23 15:58:40,331 - DEBUG - Iter 195/500 - Loss: 0.762
2024-08-23 15:58:55,497 - DEBUG - Iter 260/500 - Loss: 0.651
2024-08-23 15:59:10,783 - DEBUG - Iter 325/500 - Loss: 0.615
2024-08-23 15:59:26,038 - DEBUG - Iter 390/500 - Loss: 0.603
2024-08-23 15:59:41,390 - DEBUG - Iter 455/500 - Loss: 0.597
2024-08-23 15:59:52,448 - INFO - NLL: 0.6038; RMSE: 0.2076; NMSE: 0.9856
2024-08-23 15:59:52,449 - INFO - training starts for model <class '__main__.Linear_Model_Of_Corregionalization'> with kernel <class '__main__.K_MS_with_Feat_Scaling'>; lr: 0.006907748989760876; step_size:55.0; gamma:0.5
2024-08-23 15:59:52,459 - DEBUG - Completed
2024-08-23 16:00:33,032 - DEBUG - Iter 55/500 - Loss: 2.400
2024-08-23 16:00:45,509 - DEBUG - Iter 110/500 - Loss: 1.783
2024-08-23 16:00:56,589 - DEBUG - Iter 165/500 - Loss: 1.369
2024-08-23 16:01:08,273 - DEBUG - Iter 220/500 - Loss: 0.990
2024-08-23 16:01:20,834 - DEBUG - Iter 275/500 - Loss: 0.927
2024-08-23 16:01:33,402 - DEBUG - Iter 330/500 - Loss: 0.908
2024-08-23 16:01:45,968 - DEBUG - Iter 385/500 - Loss: 0.888
2024-08-23 16:01:58,474 - DEBUG - Iter 440/500 - Loss: 0.879
2024-08-23 16:02:11,153 - DEBUG - Iter 495/500 - Loss: 0.876
2024-08-23 16:02:12,707 - INFO - NLL: 1.0725; RMSE: 0.2207; NMSE: 1.0479
2024-08-23 16:02:12,708 - INFO - training starts for model <class '__main__.Linear_Model_Of_Corregionalization'> with kernel <class '__main__.K_MS_with_Feat_Scaling'>; lr: 0.006907748989760876; step_size:77.5; gamma:0.5
2024-08-23 16:02:12,718 - DEBUG - Completed
2024-08-23 16:03:14,113 - DEBUG - Iter 155/500 - Loss: 0.424
2024-08-23 16:03:46,667 - DEBUG - Iter 310/500 - Loss: 0.155
2024-08-23 16:04:21,242 - DEBUG - Iter 465/500 - Loss: 0.060
2024-08-23 16:04:29,876 - INFO - NLL: 0.0309; RMSE: 0.2075; NMSE: 0.9851
2024-08-23 16:04:29,877 - INFO - training starts for model <class '__main__.Linear_Model_Of_Corregionalization'> with kernel <class '__main__.K_MS_with_Feat_Scaling'>; lr: 0.006907748989760876; step_size:100.0; gamma:0.5
2024-08-23 16:04:29,886 - DEBUG - Completed
2024-08-23 16:05:19,994 - DEBUG - Iter 100/500 - Loss: 1.230
2024-08-23 16:05:41,589 - DEBUG - Iter 200/500 - Loss: 0.474
2024-08-23 16:06:03,766 - DEBUG - Iter 300/500 - Loss: 0.383
2024-08-23 16:06:26,321 - DEBUG - Iter 400/500 - Loss: 0.343
2024-08-23 16:06:50,380 - DEBUG - Iter 500/500 - Loss: 0.325
2024-08-23 16:06:50,796 - INFO - NLL: 0.3159; RMSE: 0.2075; NMSE: 0.9851
2024-08-23 16:06:50,797 - INFO - training starts for model <class '__main__.Linear_Model_Of_Corregionalization'> with kernel <class '__main__.K_MS_with_Feat_Scaling'>; lr: 0.006907748989760876; step_size:10.0; gamma:0.6499999761581421
2024-08-23 16:06:50,964 - DEBUG - Completed
2024-08-23 16:07:01,582 - DEBUG - Iter 10/500 - Loss: 3.100
2024-08-23 16:07:11,040 - DEBUG - Iter 20/500 - Loss: 3.016
2024-08-23 16:07:19,819 - DEBUG - Iter 30/500 - Loss: 2.951
2024-08-23 16:07:28,209 - DEBUG - Iter 40/500 - Loss: 2.909
2024-08-23 16:07:36,245 - DEBUG - Iter 50/500 - Loss: 2.883
2024-08-23 16:07:44,077 - DEBUG - Iter 60/500 - Loss: 2.866
2024-08-23 16:07:51,737 - DEBUG - Iter 70/500 - Loss: 2.861
2024-08-23 16:07:51,737 - INFO - Early cut off at epoch 69 with loss of 2.860610008239746
2024-08-23 16:07:52,384 - INFO - NLL: 2.8959; RMSE: 0.5711; NMSE: 2.7115
2024-08-23 16:07:52,385 - INFO - training starts for model <class '__main__.Linear_Model_Of_Corregionalization'> with kernel <class '__main__.K_MS_with_Feat_Scaling'>; lr: 0.006907748989760876; step_size:32.5; gamma:0.6499999761581421
2024-08-23 16:07:52,394 - DEBUG - Completed
2024-08-23 16:08:35,148 - DEBUG - Iter 65/500 - Loss: 2.260
2024-08-23 16:08:48,411 - DEBUG - Iter 130/500 - Loss: 0.883
2024-08-23 16:09:02,658 - DEBUG - Iter 195/500 - Loss: 0.536
2024-08-23 16:09:17,601 - DEBUG - Iter 260/500 - Loss: 0.460
2024-08-23 16:09:32,992 - DEBUG - Iter 325/500 - Loss: 0.419
2024-08-23 16:09:48,686 - DEBUG - Iter 390/500 - Loss: 0.394
2024-08-23 16:10:05,012 - DEBUG - Iter 455/500 - Loss: 0.378
2024-08-23 16:10:18,354 - INFO - NLL: 0.3636; RMSE: 0.2075; NMSE: 0.9851
2024-08-23 16:10:18,355 - INFO - training starts for model <class '__main__.Linear_Model_Of_Corregionalization'> with kernel <class '__main__.K_MS_with_Feat_Scaling'>; lr: 0.006907748989760876; step_size:55.0; gamma:0.6499999761581421
2024-08-23 16:10:18,366 - DEBUG - Completed
2024-08-23 16:11:00,505 - DEBUG - Iter 55/500 - Loss: 2.487
2024-08-23 16:11:14,643 - DEBUG - Iter 110/500 - Loss: 1.604
2024-08-23 16:11:27,771 - DEBUG - Iter 165/500 - Loss: 0.737
2024-08-23 16:11:40,368 - DEBUG - Iter 220/500 - Loss: 0.569
2024-08-23 16:11:53,657 - DEBUG - Iter 275/500 - Loss: 0.523
2024-08-23 16:12:07,177 - DEBUG - Iter 330/500 - Loss: 0.499
2024-08-23 16:12:20,892 - DEBUG - Iter 385/500 - Loss: 0.484
2024-08-23 16:12:34,956 - DEBUG - Iter 440/500 - Loss: 0.475
2024-08-23 16:12:48,687 - DEBUG - Iter 495/500 - Loss: 0.469
2024-08-23 16:12:50,345 - INFO - NLL: 0.4639; RMSE: 0.2075; NMSE: 0.9850
2024-08-23 16:12:50,347 - INFO - training starts for model <class '__main__.Linear_Model_Of_Corregionalization'> with kernel <class '__main__.K_MS_with_Feat_Scaling'>; lr: 0.006907748989760876; step_size:77.5; gamma:0.6499999761581421
2024-08-23 16:12:50,356 - DEBUG - Completed
2024-08-23 16:13:52,055 - DEBUG - Iter 155/500 - Loss: 0.423
2024-08-23 16:14:25,282 - DEBUG - Iter 310/500 - Loss: 0.085
2024-08-23 16:15:00,876 - DEBUG - Iter 465/500 - Loss: -0.057
2024-08-23 16:15:10,280 - INFO - NLL: -0.1033; RMSE: 0.2075; NMSE: 0.9851
2024-08-23 16:15:10,281 - INFO - training starts for model <class '__main__.Linear_Model_Of_Corregionalization'> with kernel <class '__main__.K_MS_with_Feat_Scaling'>; lr: 0.006907748989760876; step_size:100.0; gamma:0.6499999761581421
2024-08-23 16:15:10,291 - DEBUG - Completed
2024-08-23 16:16:00,245 - DEBUG - Iter 100/500 - Loss: 1.268
2024-08-23 16:16:21,538 - DEBUG - Iter 200/500 - Loss: 0.399
2024-08-23 16:16:44,590 - DEBUG - Iter 300/500 - Loss: 0.254
2024-08-23 16:17:08,398 - DEBUG - Iter 400/500 - Loss: 0.176
2024-08-23 16:17:35,282 - DEBUG - Iter 500/500 - Loss: 0.131
2024-08-23 16:17:35,701 - INFO - NLL: 0.1156; RMSE: 0.2075; NMSE: 0.9851
2024-08-23 16:17:35,702 - INFO - training starts for model <class '__main__.Linear_Model_Of_Corregionalization'> with kernel <class '__main__.K_MS_with_Feat_Scaling'>; lr: 0.006907748989760876; step_size:10.0; gamma:0.800000011920929
2024-08-23 16:17:35,711 - DEBUG - Completed
2024-08-23 16:17:46,328 - DEBUG - Iter 10/500 - Loss: 3.132
2024-08-23 16:17:55,786 - DEBUG - Iter 20/500 - Loss: 3.027
2024-08-23 16:18:04,317 - DEBUG - Iter 30/500 - Loss: 2.935
2024-08-23 16:18:11,956 - DEBUG - Iter 40/500 - Loss: 2.857
2024-08-23 16:18:18,836 - DEBUG - Iter 50/500 - Loss: 2.788
2024-08-23 16:18:25,071 - DEBUG - Iter 60/500 - Loss: 2.740
2024-08-23 16:18:30,694 - DEBUG - Iter 70/500 - Loss: 2.697
2024-08-23 16:18:35,732 - DEBUG - Iter 80/500 - Loss: 2.659
2024-08-23 16:18:40,351 - DEBUG - Iter 90/500 - Loss: 2.633
2024-08-23 16:18:44,650 - DEBUG - Iter 100/500 - Loss: 2.609
2024-08-23 16:18:48,684 - DEBUG - Iter 110/500 - Loss: 2.591
2024-08-23 16:18:52,547 - DEBUG - Iter 120/500 - Loss: 2.570
2024-08-23 16:18:56,291 - DEBUG - Iter 130/500 - Loss: 2.567
2024-08-23 16:18:56,291 - INFO - Early cut off at epoch 129 with loss of 2.566566228866577
2024-08-23 16:18:56,790 - INFO - NLL: 2.6377; RMSE: 0.4695; NMSE: 2.2294
2024-08-23 16:18:56,791 - INFO - training starts for model <class '__main__.Linear_Model_Of_Corregionalization'> with kernel <class '__main__.K_MS_with_Feat_Scaling'>; lr: 0.006907748989760876; step_size:32.5; gamma:0.800000011920929
2024-08-23 16:18:56,801 - DEBUG - Completed
2024-08-23 16:19:39,968 - DEBUG - Iter 65/500 - Loss: 2.253
2024-08-23 16:19:53,275 - DEBUG - Iter 130/500 - Loss: 0.663
2024-08-23 16:20:06,999 - DEBUG - Iter 195/500 - Loss: 0.416
2024-08-23 16:20:21,284 - DEBUG - Iter 260/500 - Loss: 0.292
2024-08-23 16:20:35,494 - DEBUG - Iter 325/500 - Loss: 0.210
2024-08-23 16:20:50,170 - DEBUG - Iter 390/500 - Loss: 0.151
2024-08-23 16:21:05,870 - DEBUG - Iter 455/500 - Loss: 0.108
2024-08-23 16:21:17,804 - INFO - NLL: 0.0687; RMSE: 0.2075; NMSE: 0.9851
2024-08-23 16:21:17,805 - INFO - training starts for model <class '__main__.Linear_Model_Of_Corregionalization'> with kernel <class '__main__.K_MS_with_Feat_Scaling'>; lr: 0.006907748989760876; step_size:55.0; gamma:0.800000011920929
2024-08-23 16:21:17,814 - DEBUG - Completed
2024-08-23 16:21:58,516 - DEBUG - Iter 55/500 - Loss: 2.428
2024-08-23 16:22:10,489 - DEBUG - Iter 110/500 - Loss: 1.280
2024-08-23 16:22:22,007 - DEBUG - Iter 165/500 - Loss: 0.533
2024-08-23 16:22:34,124 - DEBUG - Iter 220/500 - Loss: 0.406
2024-08-23 16:22:46,338 - DEBUG - Iter 275/500 - Loss: 0.324
2024-08-23 16:22:58,657 - DEBUG - Iter 330/500 - Loss: 0.265
2024-08-23 16:23:11,402 - DEBUG - Iter 385/500 - Loss: 0.222
2024-08-23 16:23:24,858 - DEBUG - Iter 440/500 - Loss: 0.191
2024-08-23 16:23:39,644 - DEBUG - Iter 495/500 - Loss: 0.166
2024-08-23 16:23:41,432 - INFO - NLL: 0.1511; RMSE: 0.2075; NMSE: 0.9851
2024-08-23 16:23:41,433 - INFO - training starts for model <class '__main__.Linear_Model_Of_Corregionalization'> with kernel <class '__main__.K_MS_with_Feat_Scaling'>; lr: 0.006907748989760876; step_size:77.5; gamma:0.800000011920929
2024-08-23 16:23:41,442 - DEBUG - Completed
2024-08-23 16:24:44,355 - DEBUG - Iter 155/500 - Loss: 0.424
2024-08-23 16:25:17,263 - DEBUG - Iter 310/500 - Loss: 0.024
2024-08-23 16:25:50,550 - DEBUG - Iter 465/500 - Loss: -0.167
2024-08-23 16:25:58,458 - INFO - NLL: -0.2272; RMSE: 0.2077; NMSE: 0.9861
2024-08-23 16:25:58,459 - INFO - training starts for model <class '__main__.Linear_Model_Of_Corregionalization'> with kernel <class '__main__.K_MS_with_Feat_Scaling'>; lr: 0.006907748989760876; step_size:100.0; gamma:0.800000011920929
2024-08-23 16:25:58,469 - DEBUG - Completed
2024-08-23 16:26:47,858 - DEBUG - Iter 100/500 - Loss: 1.252
2024-08-23 16:27:08,526 - DEBUG - Iter 200/500 - Loss: 0.330
2024-08-23 16:27:31,550 - DEBUG - Iter 300/500 - Loss: 0.128
2024-08-23 16:27:54,946 - DEBUG - Iter 400/500 - Loss: 0.005
2024-08-23 16:28:21,607 - DEBUG - Iter 500/500 - Loss: -0.072
2024-08-23 16:28:22,027 - INFO - NLL: -0.1026; RMSE: 0.2075; NMSE: 0.9851
2024-08-23 16:28:22,029 - INFO - training starts for model <class '__main__.Linear_Model_Of_Corregionalization'> with kernel <class '__main__.K_MS_with_Feat_Scaling'>; lr: 0.17787475883960724; step_size:10.0; gamma:0.20000000298023224
2024-08-23 16:28:22,039 - DEBUG - Completed
2024-08-23 16:28:25,781 - DEBUG - Iter 10/500 - Loss: 0.958
2024-08-23 16:28:27,821 - DEBUG - Iter 20/500 - Loss: 0.386
2024-08-23 16:28:29,865 - DEBUG - Iter 30/500 - Loss: 0.335
2024-08-23 16:28:31,891 - DEBUG - Iter 40/500 - Loss: 0.325
2024-08-23 16:28:33,894 - DEBUG - Iter 50/500 - Loss: 0.323
2024-08-23 16:28:35,886 - DEBUG - Iter 60/500 - Loss: 0.322
2024-08-23 16:28:35,886 - INFO - Early cut off at epoch 59 with loss of 0.3222484290599823
2024-08-23 16:28:36,301 - INFO - NLL: 0.3141; RMSE: 0.2077; NMSE: 0.9863
2024-08-23 16:28:36,302 - INFO - training starts for model <class '__main__.Linear_Model_Of_Corregionalization'> with kernel <class '__main__.K_MS_with_Feat_Scaling'>; lr: 0.17787475883960724; step_size:32.5; gamma:0.20000000298023224
2024-08-23 16:28:36,311 - DEBUG - Completed
2024-08-23 16:29:01,133 - DEBUG - Iter 65/500 - Loss: -0.661
2024-08-23 16:29:33,053 - DEBUG - Iter 130/500 - Loss: -1.246
2024-08-23 16:30:04,699 - DEBUG - Iter 195/500 - Loss: -1.338
2024-08-23 16:30:35,762 - DEBUG - Iter 260/500 - Loss: -1.357
2024-08-23 16:31:05,511 - DEBUG - Iter 325/500 - Loss: -1.376
2024-08-23 16:31:34,339 - DEBUG - Iter 390/500 - Loss: -1.374
2024-08-23 16:32:02,605 - DEBUG - Iter 455/500 - Loss: -1.367
2024-08-23 16:32:22,735 - INFO - NLL: -1.1604; RMSE: 0.2129; NMSE: 1.0109
2024-08-23 16:32:22,736 - INFO - training starts for model <class '__main__.Linear_Model_Of_Corregionalization'> with kernel <class '__main__.K_MS_with_Feat_Scaling'>; lr: 0.17787475883960724; step_size:55.0; gamma:0.20000000298023224
2024-08-23 16:32:22,746 - DEBUG - Completed
2024-08-23 16:32:43,435 - DEBUG - Iter 55/500 - Loss: -0.674
2024-08-23 16:33:14,399 - DEBUG - Iter 110/500 - Loss: -1.251
2024-08-23 16:33:43,777 - DEBUG - Iter 165/500 - Loss: -1.331
2024-08-23 16:34:12,085 - DEBUG - Iter 220/500 - Loss: -1.352
2024-08-23 16:34:39,626 - DEBUG - Iter 275/500 - Loss: -1.342
2024-08-23 16:35:06,446 - DEBUG - Iter 330/500 - Loss: -1.334
2024-08-23 16:35:32,975 - DEBUG - Iter 385/500 - Loss: -1.346
2024-08-23 16:35:32,976 - INFO - Early cut off at epoch 384 with loss of -1.3458738327026367
2024-08-23 16:35:33,583 - INFO - NLL: -1.1372; RMSE: 0.2119; NMSE: 1.0061
2024-08-23 16:35:33,585 - INFO - training starts for model <class '__main__.Linear_Model_Of_Corregionalization'> with kernel <class '__main__.K_MS_with_Feat_Scaling'>; lr: 0.17787475883960724; step_size:77.5; gamma:0.20000000298023224
2024-08-23 16:35:33,593 - DEBUG - Completed
2024-08-23 16:36:57,751 - DEBUG - Iter 155/500 - Loss: -0.177
2024-08-23 16:38:43,169 - DEBUG - Iter 310/500 - Loss: -1.213
2024-08-23 16:40:08,657 - DEBUG - Iter 465/500 - Loss: -1.355
2024-08-23 16:40:29,590 - INFO - NLL: -1.1670; RMSE: 0.2119; NMSE: 1.0063
2024-08-23 16:40:29,592 - INFO - training starts for model <class '__main__.Linear_Model_Of_Corregionalization'> with kernel <class '__main__.K_MS_with_Feat_Scaling'>; lr: 0.17787475883960724; step_size:100.0; gamma:0.20000000298023224
2024-08-23 16:40:29,601 - DEBUG - Completed
2024-08-23 16:41:19,938 - DEBUG - Iter 100/500 - Loss: -0.688
2024-08-23 16:42:18,958 - DEBUG - Iter 200/500 - Loss: -1.260
2024-08-23 16:43:17,922 - DEBUG - Iter 300/500 - Loss: -1.380
2024-08-23 16:44:16,432 - DEBUG - Iter 400/500 - Loss: -1.375
2024-08-23 16:45:12,778 - DEBUG - Iter 500/500 - Loss: -1.401
2024-08-23 16:45:13,438 - INFO - NLL: -1.1394; RMSE: 0.2168; NMSE: 1.0294
2024-08-23 16:45:13,439 - INFO - training starts for model <class '__main__.Linear_Model_Of_Corregionalization'> with kernel <class '__main__.K_MS_with_Feat_Scaling'>; lr: 0.17787475883960724; step_size:10.0; gamma:0.3500000238418579
2024-08-23 16:45:13,448 - DEBUG - Completed
2024-08-23 16:45:17,082 - DEBUG - Iter 10/500 - Loss: 0.954
2024-08-23 16:45:19,023 - DEBUG - Iter 20/500 - Loss: 0.295
2024-08-23 16:45:21,121 - DEBUG - Iter 30/500 - Loss: 0.188
2024-08-23 16:45:23,098 - DEBUG - Iter 40/500 - Loss: 0.141
2024-08-23 16:45:25,076 - DEBUG - Iter 50/500 - Loss: 0.126
2024-08-23 16:45:27,047 - DEBUG - Iter 60/500 - Loss: 0.120
2024-08-23 16:45:29,024 - DEBUG - Iter 70/500 - Loss: 0.119
2024-08-23 16:45:31,002 - DEBUG - Iter 80/500 - Loss: 0.119
2024-08-23 16:45:32,978 - DEBUG - Iter 90/500 - Loss: 0.118
2024-08-23 16:45:34,957 - DEBUG - Iter 100/500 - Loss: 0.119
2024-08-23 16:45:34,957 - INFO - Early cut off at epoch 99 with loss of 0.1186351478099823
2024-08-23 16:45:35,359 - INFO - NLL: 0.1137; RMSE: 0.2076; NMSE: 0.9858
2024-08-23 16:45:35,361 - INFO - training starts for model <class '__main__.Linear_Model_Of_Corregionalization'> with kernel <class '__main__.K_MS_with_Feat_Scaling'>; lr: 0.17787475883960724; step_size:32.5; gamma:0.3500000238418579
2024-08-23 16:45:35,370 - DEBUG - Completed
2024-08-23 16:45:59,799 - DEBUG - Iter 65/500 - Loss: -0.572
2024-08-23 16:46:34,970 - DEBUG - Iter 130/500 - Loss: -1.167
2024-08-23 16:47:08,035 - DEBUG - Iter 195/500 - Loss: -1.280
2024-08-23 16:47:40,538 - DEBUG - Iter 260/500 - Loss: -1.354
2024-08-23 16:48:12,400 - DEBUG - Iter 325/500 - Loss: -1.386
2024-08-23 16:48:42,905 - DEBUG - Iter 390/500 - Loss: -1.389
2024-08-23 16:49:12,646 - DEBUG - Iter 455/500 - Loss: -1.377
2024-08-23 16:49:33,237 - INFO - NLL: -1.1922; RMSE: 0.2093; NMSE: 0.9935
2024-08-23 16:49:33,238 - INFO - training starts for model <class '__main__.Linear_Model_Of_Corregionalization'> with kernel <class '__main__.K_MS_with_Feat_Scaling'>; lr: 0.17787475883960724; step_size:55.0; gamma:0.3500000238418579
2024-08-23 16:49:33,247 - DEBUG - Completed
2024-08-23 16:49:53,236 - DEBUG - Iter 55/500 - Loss: -0.656
2024-08-23 16:50:22,186 - DEBUG - Iter 110/500 - Loss: -1.165
2024-08-23 16:50:50,837 - DEBUG - Iter 165/500 - Loss: -1.315
2024-08-23 16:51:18,992 - DEBUG - Iter 220/500 - Loss: -1.401
2024-08-23 16:51:47,192 - DEBUG - Iter 275/500 - Loss: -1.366
2024-08-23 16:52:14,434 - DEBUG - Iter 330/500 - Loss: -1.391
2024-08-23 16:52:40,573 - DEBUG - Iter 385/500 - Loss: -1.373
2024-08-23 16:53:06,232 - DEBUG - Iter 440/500 - Loss: -1.376
2024-08-23 16:53:31,486 - DEBUG - Iter 495/500 - Loss: -1.385
2024-08-23 16:53:34,380 - INFO - NLL: -1.1794; RMSE: 0.2140; NMSE: 1.0160
2024-08-23 16:53:34,381 - INFO - training starts for model <class '__main__.Linear_Model_Of_Corregionalization'> with kernel <class '__main__.K_MS_with_Feat_Scaling'>; lr: 0.17787475883960724; step_size:77.5; gamma:0.3500000238418579
2024-08-23 16:53:34,390 - DEBUG - Completed
2024-08-23 16:55:11,435 - DEBUG - Iter 155/500 - Loss: -0.215
2024-08-23 16:58:26,611 - DEBUG - Iter 310/500 - Loss: -0.807
2024-08-23 17:05:59,290 - DEBUG - Iter 465/500 - Loss: -0.858
2024-08-23 17:06:50,424 - INFO - NLL: -0.7511; RMSE: 0.2078; NMSE: 0.9867
2024-08-23 17:06:50,425 - INFO - training starts for model <class '__main__.Linear_Model_Of_Corregionalization'> with kernel <class '__main__.K_MS_with_Feat_Scaling'>; lr: 0.17787475883960724; step_size:100.0; gamma:0.3500000238418579
2024-08-23 17:06:50,434 - DEBUG - Completed
2024-08-23 17:07:36,925 - DEBUG - Iter 100/500 - Loss: -0.493
2024-08-23 17:08:37,821 - DEBUG - Iter 200/500 - Loss: -0.834
2024-08-23 17:09:37,046 - DEBUG - Iter 300/500 - Loss: -1.318
2024-08-23 17:10:32,551 - DEBUG - Iter 400/500 - Loss: -1.353
2024-08-23 17:11:25,089 - DEBUG - Iter 500/500 - Loss: -1.380
2024-08-23 17:11:25,807 - INFO - NLL: -1.1792; RMSE: 0.2153; NMSE: 1.0224
2024-08-23 17:11:25,808 - INFO - training starts for model <class '__main__.Linear_Model_Of_Corregionalization'> with kernel <class '__main__.K_MS_with_Feat_Scaling'>; lr: 0.17787475883960724; step_size:10.0; gamma:0.5
2024-08-23 17:11:25,818 - DEBUG - Completed
2024-08-23 17:11:29,635 - DEBUG - Iter 10/500 - Loss: 0.969
2024-08-23 17:11:31,619 - DEBUG - Iter 20/500 - Loss: 0.268
2024-08-23 17:11:33,861 - DEBUG - Iter 30/500 - Loss: 0.009
2024-08-23 17:11:35,986 - DEBUG - Iter 40/500 - Loss: -0.101
2024-08-23 17:11:38,280 - DEBUG - Iter 50/500 - Loss: -0.157
2024-08-23 17:11:40,382 - DEBUG - Iter 60/500 - Loss: -0.183
2024-08-23 17:11:42,611 - DEBUG - Iter 70/500 - Loss: -0.189
2024-08-23 17:11:44,822 - DEBUG - Iter 80/500 - Loss: -0.196
2024-08-23 17:11:46,998 - DEBUG - Iter 90/500 - Loss: -0.196
2024-08-23 17:11:49,249 - DEBUG - Iter 100/500 - Loss: -0.203
2024-08-23 17:11:51,364 - DEBUG - Iter 110/500 - Loss: -0.201
2024-08-23 17:11:53,685 - DEBUG - Iter 120/500 - Loss: -0.201
2024-08-23 17:11:55,863 - DEBUG - Iter 130/500 - Loss: -0.205
2024-08-23 17:11:58,186 - DEBUG - Iter 140/500 - Loss: -0.202
2024-08-23 17:12:00,330 - DEBUG - Iter 150/500 - Loss: -0.204
2024-08-23 17:12:02,542 - DEBUG - Iter 160/500 - Loss: -0.201
2024-08-23 17:12:04,845 - DEBUG - Iter 170/500 - Loss: -0.203
2024-08-23 17:12:04,845 - INFO - Early cut off at epoch 169 with loss of -0.20314611494541168
2024-08-23 17:12:05,341 - INFO - NLL: -0.1477; RMSE: 0.2084; NMSE: 0.9894
2024-08-23 17:12:05,343 - INFO - training starts for model <class '__main__.Linear_Model_Of_Corregionalization'> with kernel <class '__main__.K_MS_with_Feat_Scaling'>; lr: 0.17787475883960724; step_size:32.5; gamma:0.5
2024-08-23 17:12:05,353 - DEBUG - Completed
2024-08-23 17:12:31,576 - DEBUG - Iter 65/500 - Loss: -0.521
2024-08-23 17:13:17,934 - DEBUG - Iter 130/500 - Loss: -0.638
2024-08-23 17:14:09,214 - DEBUG - Iter 195/500 - Loss: -1.115
2024-08-23 17:14:49,343 - DEBUG - Iter 260/500 - Loss: -1.314
2024-08-23 17:15:28,682 - DEBUG - Iter 325/500 - Loss: -1.346
2024-08-23 17:16:05,804 - DEBUG - Iter 390/500 - Loss: -1.322
2024-08-23 17:16:42,372 - DEBUG - Iter 455/500 - Loss: -1.382
2024-08-23 17:17:06,145 - INFO - NLL: -1.1204; RMSE: 0.2161; NMSE: 1.0259
2024-08-23 17:17:06,146 - INFO - training starts for model <class '__main__.Linear_Model_Of_Corregionalization'> with kernel <class '__main__.K_MS_with_Feat_Scaling'>; lr: 0.17787475883960724; step_size:55.0; gamma:0.5
2024-08-23 17:17:06,163 - DEBUG - Completed
2024-08-23 17:17:27,500 - DEBUG - Iter 55/500 - Loss: -0.773
2024-08-23 17:17:59,951 - DEBUG - Iter 110/500 - Loss: -0.835
2024-08-23 17:18:31,540 - DEBUG - Iter 165/500 - Loss: -1.215
2024-08-23 17:19:00,255 - DEBUG - Iter 220/500 - Loss: -1.268
2024-08-23 17:19:28,008 - DEBUG - Iter 275/500 - Loss: -1.330
2024-08-23 17:19:56,452 - DEBUG - Iter 330/500 - Loss: -1.369
2024-08-23 17:20:24,634 - DEBUG - Iter 385/500 - Loss: -1.377
2024-08-23 17:20:51,125 - DEBUG - Iter 440/500 - Loss: -1.345
2024-08-23 17:21:17,033 - DEBUG - Iter 495/500 - Loss: -1.373
2024-08-23 17:21:19,941 - INFO - NLL: -1.1778; RMSE: 0.2150; NMSE: 1.0207
2024-08-23 17:21:19,942 - INFO - training starts for model <class '__main__.Linear_Model_Of_Corregionalization'> with kernel <class '__main__.K_MS_with_Feat_Scaling'>; lr: 0.17787475883960724; step_size:77.5; gamma:0.5
2024-08-23 17:21:19,952 - DEBUG - Completed
2024-08-23 17:22:45,470 - DEBUG - Iter 155/500 - Loss: -0.023
2024-08-23 17:25:41,420 - DEBUG - Iter 310/500 - Loss: -0.391
2024-08-23 17:29:45,755 - DEBUG - Iter 465/500 - Loss: -0.698
2024-08-23 17:30:27,973 - INFO - NLL: -0.2857; RMSE: 0.2116; NMSE: 1.0047
2024-08-23 17:30:27,974 - INFO - training starts for model <class '__main__.Linear_Model_Of_Corregionalization'> with kernel <class '__main__.K_MS_with_Feat_Scaling'>; lr: 0.17787475883960724; step_size:100.0; gamma:0.5
2024-08-23 17:30:27,984 - DEBUG - Completed
2024-08-23 17:31:24,887 - DEBUG - Iter 100/500 - Loss: -0.160
2024-08-23 17:32:42,791 - DEBUG - Iter 200/500 - Loss: -0.791
2024-08-23 17:33:56,889 - DEBUG - Iter 300/500 - Loss: -0.948
2024-08-23 17:35:04,750 - DEBUG - Iter 400/500 - Loss: -1.292
2024-08-23 17:36:08,594 - DEBUG - Iter 500/500 - Loss: -1.351
2024-08-23 17:36:08,595 - INFO - Early cut off at epoch 499 with loss of -1.350785493850708
2024-08-23 17:36:09,387 - INFO - NLL: -1.1805; RMSE: 0.2128; NMSE: 1.0105
2024-08-23 17:36:09,388 - INFO - training starts for model <class '__main__.Linear_Model_Of_Corregionalization'> with kernel <class '__main__.K_MS_with_Feat_Scaling'>; lr: 0.17787475883960724; step_size:10.0; gamma:0.6499999761581421
2024-08-23 17:36:09,399 - DEBUG - Completed
2024-08-23 17:36:13,241 - DEBUG - Iter 10/500 - Loss: 0.964
2024-08-23 17:36:15,410 - DEBUG - Iter 20/500 - Loss: 0.185
2024-08-23 17:36:17,720 - DEBUG - Iter 30/500 - Loss: -0.193
2024-08-23 17:36:20,263 - DEBUG - Iter 40/500 - Loss: -0.391
2024-08-23 17:36:22,759 - DEBUG - Iter 50/500 - Loss: -0.489
2024-08-23 17:36:25,261 - DEBUG - Iter 60/500 - Loss: -0.552
2024-08-23 17:36:27,627 - DEBUG - Iter 70/500 - Loss: -0.582
2024-08-23 17:36:30,243 - DEBUG - Iter 80/500 - Loss: -0.603
2024-08-23 17:36:32,603 - DEBUG - Iter 90/500 - Loss: -0.613
2024-08-23 17:36:35,067 - DEBUG - Iter 100/500 - Loss: -0.624
2024-08-23 17:36:35,068 - INFO - Early cut off at epoch 99 with loss of -0.6237472295761108
2024-08-23 17:36:35,475 - INFO - NLL: -0.5225; RMSE: 0.2080; NMSE: 0.9877
2024-08-23 17:36:35,476 - INFO - training starts for model <class '__main__.Linear_Model_Of_Corregionalization'> with kernel <class '__main__.K_MS_with_Feat_Scaling'>; lr: 0.17787475883960724; step_size:32.5; gamma:0.6499999761581421
2024-08-23 17:36:35,485 - DEBUG - Completed
2024-08-23 17:37:03,152 - DEBUG - Iter 65/500 - Loss: -0.635
2024-08-23 17:37:58,290 - DEBUG - Iter 130/500 - Loss: -0.768
2024-08-23 17:38:45,102 - DEBUG - Iter 195/500 - Loss: -1.038
2024-08-23 17:39:38,050 - DEBUG - Iter 260/500 - Loss: -1.038
2024-08-23 17:40:28,694 - DEBUG - Iter 325/500 - Loss: -1.178
2024-08-23 17:41:19,149 - DEBUG - Iter 390/500 - Loss: -1.297
2024-08-23 17:42:04,868 - DEBUG - Iter 455/500 - Loss: -1.353
2024-08-23 17:42:37,135 - INFO - NLL: -1.1659; RMSE: 0.2105; NMSE: 0.9994
2024-08-23 17:42:37,136 - INFO - training starts for model <class '__main__.Linear_Model_Of_Corregionalization'> with kernel <class '__main__.K_MS_with_Feat_Scaling'>; lr: 0.17787475883960724; step_size:55.0; gamma:0.6499999761581421
2024-08-23 17:42:37,147 - DEBUG - Completed
2024-08-23 17:43:00,206 - DEBUG - Iter 55/500 - Loss: -0.754
2024-08-23 17:43:35,202 - DEBUG - Iter 110/500 - Loss: -0.788
2024-08-23 17:44:11,571 - DEBUG - Iter 165/500 - Loss: -1.033
2024-08-23 17:44:51,169 - DEBUG - Iter 220/500 - Loss: -1.167
2024-08-23 17:45:32,679 - DEBUG - Iter 275/500 - Loss: -1.160
2024-08-23 17:46:10,035 - DEBUG - Iter 330/500 - Loss: -1.255
2024-08-23 17:46:46,541 - DEBUG - Iter 385/500 - Loss: -1.306
2024-08-23 17:47:23,767 - DEBUG - Iter 440/500 - Loss: -1.370
2024-08-23 17:47:58,784 - DEBUG - Iter 495/500 - Loss: -1.384
2024-08-23 17:48:02,527 - INFO - NLL: -1.1246; RMSE: 0.2151; NMSE: 1.0211
2024-08-23 17:48:02,528 - INFO - training starts for model <class '__main__.Linear_Model_Of_Corregionalization'> with kernel <class '__main__.K_MS_with_Feat_Scaling'>; lr: 0.17787475883960724; step_size:77.5; gamma:0.6499999761581421
2024-08-23 17:48:02,538 - DEBUG - Completed
2024-08-23 17:49:39,108 - DEBUG - Iter 155/500 - Loss: 0.430
2024-08-23 17:58:17,672 - DEBUG - Iter 310/500 - Loss: 4.530
2024-08-23 17:59:02,098 - DEBUG - Iter 465/500 - Loss: 4.540
2024-08-23 17:59:17,672 - INFO - NLL: 4.7285; RMSE: 0.8806; NMSE: 4.1812
2024-08-23 17:59:17,673 - INFO - training starts for model <class '__main__.Linear_Model_Of_Corregionalization'> with kernel <class '__main__.K_MS_with_Feat_Scaling'>; lr: 0.17787475883960724; step_size:100.0; gamma:0.6499999761581421
2024-08-23 17:59:17,683 - DEBUG - Completed
2024-08-23 18:00:08,964 - DEBUG - Iter 100/500 - Loss: -0.479
2024-08-23 18:01:41,512 - DEBUG - Iter 200/500 - Loss: -0.357
2024-08-23 18:04:09,687 - DEBUG - Iter 300/500 - Loss: -0.190
2024-08-23 18:07:38,172 - DEBUG - Iter 400/500 - Loss: 0.004
2024-08-23 18:11:11,389 - DEBUG - Iter 500/500 - Loss: -0.404
2024-08-23 18:11:12,869 - INFO - NLL: 0.0162; RMSE: 0.2122; NMSE: 1.0074
2024-08-23 18:11:12,872 - INFO - training starts for model <class '__main__.Linear_Model_Of_Corregionalization'> with kernel <class '__main__.K_MS_with_Feat_Scaling'>; lr: 0.17787475883960724; step_size:10.0; gamma:0.800000011920929
2024-08-23 18:11:12,881 - DEBUG - Completed
2024-08-23 18:11:16,678 - DEBUG - Iter 10/500 - Loss: 0.953
2024-08-23 18:11:18,774 - DEBUG - Iter 20/500 - Loss: 0.089
2024-08-23 18:11:21,134 - DEBUG - Iter 30/500 - Loss: -0.387
2024-08-23 18:11:23,832 - DEBUG - Iter 40/500 - Loss: -0.656
2024-08-23 18:11:26,654 - DEBUG - Iter 50/500 - Loss: -0.831
2024-08-23 18:11:29,521 - DEBUG - Iter 60/500 - Loss: -0.936
2024-08-23 18:11:32,370 - DEBUG - Iter 70/500 - Loss: -1.015
2024-08-23 18:11:35,194 - DEBUG - Iter 80/500 - Loss: -1.076
2024-08-23 18:11:38,015 - DEBUG - Iter 90/500 - Loss: -1.115
2024-08-23 18:11:40,855 - DEBUG - Iter 100/500 - Loss: -1.156
2024-08-23 18:11:43,662 - DEBUG - Iter 110/500 - Loss: -1.170
2024-08-23 18:11:46,472 - DEBUG - Iter 120/500 - Loss: -1.204
2024-08-23 18:11:49,272 - DEBUG - Iter 130/500 - Loss: -1.210
2024-08-23 18:11:52,068 - DEBUG - Iter 140/500 - Loss: -1.234
2024-08-23 18:11:54,857 - DEBUG - Iter 150/500 - Loss: -1.249
2024-08-23 18:11:57,621 - DEBUG - Iter 160/500 - Loss: -1.240
2024-08-23 18:12:00,370 - DEBUG - Iter 170/500 - Loss: -1.235
2024-08-23 18:12:03,118 - DEBUG - Iter 180/500 - Loss: -1.269
2024-08-23 18:12:05,849 - DEBUG - Iter 190/500 - Loss: -1.267
2024-08-23 18:12:08,603 - DEBUG - Iter 200/500 - Loss: -1.252
2024-08-23 18:12:08,603 - INFO - Early cut off at epoch 199 with loss of -1.2520828247070312
2024-08-23 18:12:09,103 - INFO - NLL: -1.0515; RMSE: 0.2102; NMSE: 0.9980
2024-08-23 18:12:09,104 - INFO - training starts for model <class '__main__.Linear_Model_Of_Corregionalization'> with kernel <class '__main__.K_MS_with_Feat_Scaling'>; lr: 0.17787475883960724; step_size:32.5; gamma:0.800000011920929
2024-08-23 18:12:09,114 - DEBUG - Completed
2024-08-23 18:12:36,926 - DEBUG - Iter 65/500 - Loss: -0.294
2024-08-23 18:13:23,094 - DEBUG - Iter 130/500 - Loss: -0.451
2024-08-23 18:14:16,666 - DEBUG - Iter 195/500 - Loss: -0.291
2024-08-23 18:15:20,860 - DEBUG - Iter 260/500 - Loss: -0.528
2024-08-23 18:16:36,381 - DEBUG - Iter 325/500 - Loss: -0.482
2024-08-23 18:17:57,698 - DEBUG - Iter 390/500 - Loss: -0.485
2024-08-23 18:19:24,207 - DEBUG - Iter 455/500 - Loss: -0.766
2024-08-23 18:20:17,894 - INFO - NLL: -0.2387; RMSE: 0.2112; NMSE: 1.0028
2024-08-23 18:20:17,896 - INFO - training starts for model <class '__main__.Linear_Model_Of_Corregionalization'> with kernel <class '__main__.K_MS_with_Feat_Scaling'>; lr: 0.17787475883960724; step_size:55.0; gamma:0.800000011920929
2024-08-23 18:20:17,906 - DEBUG - Completed
2024-08-23 18:20:37,913 - DEBUG - Iter 55/500 - Loss: -0.771
2024-08-23 18:21:22,943 - DEBUG - Iter 110/500 - Loss: 3.469
2024-08-23 18:21:35,367 - DEBUG - Iter 165/500 - Loss: 3.355
2024-08-23 18:23:59,993 - DEBUG - Iter 220/500 - Loss: 3.543
2024-08-23 18:24:17,187 - DEBUG - Iter 275/500 - Loss: 3.594
2024-08-23 18:24:33,880 - DEBUG - Iter 330/500 - Loss: 3.589
2024-08-23 18:24:33,880 - INFO - Early cut off at epoch 329 with loss of 3.5889406204223633
2024-08-23 18:24:34,607 - INFO - NLL: 3.9724; RMSE: 0.5965; NMSE: 2.8322
2024-08-23 18:24:34,608 - INFO - training starts for model <class '__main__.Linear_Model_Of_Corregionalization'> with kernel <class '__main__.K_MS_with_Feat_Scaling'>; lr: 0.17787475883960724; step_size:77.5; gamma:0.800000011920929
2024-08-23 18:24:34,618 - DEBUG - Completed
2024-08-23 18:26:20,667 - DEBUG - Iter 155/500 - Loss: 0.031
2024-08-23 18:29:13,371 - DEBUG - Iter 310/500 - Loss: 4.446
2024-08-23 18:29:57,091 - DEBUG - Iter 465/500 - Loss: 4.447
2024-08-23 18:30:10,156 - INFO - NLL: 64547.5312; RMSE: 16749.1250; NMSE: 79526.2865
2024-08-23 18:30:10,158 - INFO - training starts for model <class '__main__.Linear_Model_Of_Corregionalization'> with kernel <class '__main__.K_MS_with_Feat_Scaling'>; lr: 0.17787475883960724; step_size:100.0; gamma:0.800000011920929
2024-08-23 18:30:10,168 - DEBUG - Completed
2024-08-23 18:31:07,434 - DEBUG - Iter 100/500 - Loss: -0.740
2024-08-23 18:32:47,364 - DEBUG - Iter 200/500 - Loss: 0.111
2024-08-23 18:35:55,369 - DEBUG - Iter 300/500 - Loss: 0.353
2024-08-23 18:42:26,732 - DEBUG - Iter 400/500 - Loss: 0.367
2024-08-23 18:43:48,233 - DEBUG - Iter 500/500 - Loss: 4.121
2024-08-23 18:43:48,774 - INFO - NLL: 4.3049; RMSE: 1.0392; NMSE: 4.9343
2024-08-23 18:43:48,775 - INFO - training starts for model <class '__main__.Linear_Model_Of_Corregionalization'> with kernel <class '__main__.K_MS_with_Feat_Scaling'>; lr: 0.3488416075706482; step_size:10.0; gamma:0.20000000298023224
2024-08-23 18:43:48,785 - DEBUG - Completed
2024-08-23 18:43:52,106 - DEBUG - Iter 10/500 - Loss: 0.409
2024-08-23 18:43:56,042 - DEBUG - Iter 20/500 - Loss: -0.221
2024-08-23 18:44:00,773 - DEBUG - Iter 30/500 - Loss: -0.316
2024-08-23 18:44:05,558 - DEBUG - Iter 40/500 - Loss: -0.328
2024-08-23 18:44:10,345 - DEBUG - Iter 50/500 - Loss: -0.340
2024-08-23 18:44:15,132 - DEBUG - Iter 60/500 - Loss: -0.335
2024-08-23 18:44:19,926 - DEBUG - Iter 70/500 - Loss: -0.338
2024-08-23 18:44:24,726 - DEBUG - Iter 80/500 - Loss: -0.334
2024-08-23 18:44:29,523 - DEBUG - Iter 90/500 - Loss: -0.338
2024-08-23 18:44:34,314 - DEBUG - Iter 100/500 - Loss: -0.328
2024-08-23 18:44:39,131 - DEBUG - Iter 110/500 - Loss: -0.337
2024-08-23 18:44:43,931 - DEBUG - Iter 120/500 - Loss: -0.336
2024-08-23 18:44:48,724 - DEBUG - Iter 130/500 - Loss: -0.339
2024-08-23 18:44:53,682 - DEBUG - Iter 140/500 - Loss: -0.342
2024-08-23 18:44:58,590 - DEBUG - Iter 150/500 - Loss: -0.339
2024-08-23 18:45:03,504 - DEBUG - Iter 160/500 - Loss: -0.337
2024-08-23 18:45:03,504 - INFO - Early cut off at epoch 159 with loss of -0.3370746374130249
2024-08-23 18:45:04,069 - INFO - NLL: -0.2628; RMSE: 0.2085; NMSE: 0.9901
2024-08-23 18:45:04,071 - INFO - training starts for model <class '__main__.Linear_Model_Of_Corregionalization'> with kernel <class '__main__.K_MS_with_Feat_Scaling'>; lr: 0.3488416075706482; step_size:32.5; gamma:0.20000000298023224
2024-08-23 18:45:04,081 - DEBUG - Completed
2024-08-23 18:45:51,852 - DEBUG - Iter 65/500 - Loss: 4.400
2024-08-23 18:46:11,466 - DEBUG - Iter 130/500 - Loss: 4.449
2024-08-23 18:46:30,967 - DEBUG - Iter 195/500 - Loss: 4.469
2024-08-23 18:46:50,143 - DEBUG - Iter 260/500 - Loss: 4.483
2024-08-23 18:47:09,209 - DEBUG - Iter 325/500 - Loss: 4.473
2024-08-23 18:47:31,801 - DEBUG - Iter 390/500 - Loss: 4.468
2024-08-23 18:47:53,667 - DEBUG - Iter 455/500 - Loss: 4.468
2024-08-23 18:48:10,639 - INFO - NLL: 4.9645; RMSE: 19.6192; NMSE: 93.1535
2024-08-23 18:48:10,641 - INFO - training starts for model <class '__main__.Linear_Model_Of_Corregionalization'> with kernel <class '__main__.K_MS_with_Feat_Scaling'>; lr: 0.3488416075706482; step_size:55.0; gamma:0.20000000298023224
2024-08-23 18:48:10,652 - DEBUG - Completed
2024-08-23 18:48:51,965 - DEBUG - Iter 55/500 - Loss: 2.756
2024-08-23 18:49:07,558 - DEBUG - Iter 110/500 - Loss: 3.456
2024-08-23 18:49:21,982 - DEBUG - Iter 165/500 - Loss: 3.453
2024-08-23 18:49:37,019 - DEBUG - Iter 220/500 - Loss: 3.456
2024-08-23 18:49:37,020 - INFO - Early cut off at epoch 219 with loss of 3.4561095237731934
2024-08-23 18:49:41,103 - INFO - NLL: 251485.2500; RMSE: 12993.5527; NMSE: 61694.5063
2024-08-23 18:49:41,105 - INFO - training starts for model <class '__main__.Linear_Model_Of_Corregionalization'> with kernel <class '__main__.K_MS_with_Feat_Scaling'>; lr: 0.3488416075706482; step_size:77.5; gamma:0.20000000298023224
2024-08-23 18:49:41,117 - DEBUG - Completed
2024-08-23 19:02:35,492 - DEBUG - Iter 155/500 - Loss: 4.323
2024-08-23 19:10:54,638 - DEBUG - Iter 310/500 - Loss: 4.740
2024-08-23 19:11:45,220 - DEBUG - Iter 465/500 - Loss: 4.734
2024-08-23 19:11:57,280 - INFO - NLL: 5.1106; RMSE: 1.5370; NMSE: 7.2978
2024-08-23 19:11:57,282 - INFO - training starts for model <class '__main__.Linear_Model_Of_Corregionalization'> with kernel <class '__main__.K_MS_with_Feat_Scaling'>; lr: 0.3488416075706482; step_size:100.0; gamma:0.20000000298023224
2024-08-23 19:11:57,292 - DEBUG - Completed
2024-08-23 19:12:53,287 - DEBUG - Iter 100/500 - Loss: 4.674
2024-08-23 19:13:17,953 - DEBUG - Iter 200/500 - Loss: 4.663
2024-08-23 19:13:42,585 - DEBUG - Iter 300/500 - Loss: 4.643
2024-08-23 19:14:07,012 - DEBUG - Iter 400/500 - Loss: 4.651
2024-08-23 19:14:31,591 - DEBUG - Iter 500/500 - Loss: 4.660
2024-08-23 19:14:31,591 - INFO - Early cut off at epoch 499 with loss of 4.659791469573975
2024-08-23 19:14:34,720 - INFO - NLL: 29384.2188; RMSE: 12884.3945; NMSE: 61176.2137
2024-08-23 19:14:34,722 - INFO - training starts for model <class '__main__.Linear_Model_Of_Corregionalization'> with kernel <class '__main__.K_MS_with_Feat_Scaling'>; lr: 0.3488416075706482; step_size:10.0; gamma:0.3500000238418579
2024-08-23 19:14:34,731 - DEBUG - Completed
2024-08-23 19:14:38,012 - DEBUG - Iter 10/500 - Loss: 0.412
2024-08-23 19:14:42,727 - DEBUG - Iter 20/500 - Loss: -0.374
2024-08-23 19:14:49,309 - DEBUG - Iter 30/500 - Loss: -0.537
2024-08-23 19:14:56,166 - DEBUG - Iter 40/500 - Loss: -0.602
2024-08-23 19:15:03,034 - DEBUG - Iter 50/500 - Loss: -0.617
2024-08-23 19:15:09,925 - DEBUG - Iter 60/500 - Loss: -0.617
2024-08-23 19:15:16,813 - DEBUG - Iter 70/500 - Loss: -0.623
2024-08-23 19:15:23,691 - DEBUG - Iter 80/500 - Loss: -0.620
2024-08-23 19:15:30,568 - DEBUG - Iter 90/500 - Loss: -0.633
2024-08-23 19:15:37,454 - DEBUG - Iter 100/500 - Loss: -0.641
2024-08-23 19:15:44,344 - DEBUG - Iter 110/500 - Loss: -0.630
2024-08-23 19:15:51,226 - DEBUG - Iter 120/500 - Loss: -0.625
2024-08-23 19:15:58,088 - DEBUG - Iter 130/500 - Loss: -0.630
2024-08-23 19:15:58,088 - INFO - Early cut off at epoch 129 with loss of -0.63005530834198
2024-08-23 19:15:58,734 - INFO - NLL: -0.4950; RMSE: 0.2093; NMSE: 0.9936
2024-08-23 19:15:58,736 - INFO - training starts for model <class '__main__.Linear_Model_Of_Corregionalization'> with kernel <class '__main__.K_MS_with_Feat_Scaling'>; lr: 0.3488416075706482; step_size:32.5; gamma:0.3500000238418579
2024-08-23 19:15:58,745 - DEBUG - Completed
2024-08-23 19:16:58,514 - DEBUG - Iter 65/500 - Loss: 4.200
2024-08-23 19:17:20,172 - DEBUG - Iter 130/500 - Loss: 4.332
2024-08-23 19:17:42,043 - DEBUG - Iter 195/500 - Loss: 4.332
2024-08-23 19:18:03,847 - DEBUG - Iter 260/500 - Loss: 4.334
2024-08-23 19:18:25,650 - DEBUG - Iter 325/500 - Loss: 4.335
2024-08-23 19:18:47,491 - DEBUG - Iter 390/500 - Loss: 4.325
2024-08-23 19:19:09,325 - DEBUG - Iter 455/500 - Loss: 4.329
2024-08-23 19:19:25,334 - INFO - NLL: 4.9007; RMSE: 2.4101; NMSE: 11.4434
2024-08-23 19:19:25,336 - INFO - training starts for model <class '__main__.Linear_Model_Of_Corregionalization'> with kernel <class '__main__.K_MS_with_Feat_Scaling'>; lr: 0.3488416075706482; step_size:55.0; gamma:0.3500000238418579
2024-08-23 19:19:25,347 - DEBUG - Completed
2024-08-23 19:20:12,712 - DEBUG - Iter 55/500 - Loss: 4.013
2024-08-23 19:20:31,007 - DEBUG - Iter 110/500 - Loss: 4.104
2024-08-23 19:20:43,699 - DEBUG - Iter 165/500 - Loss: 4.114
2024-08-23 19:20:56,293 - DEBUG - Iter 220/500 - Loss: 4.102
2024-08-23 19:20:56,293 - INFO - Early cut off at epoch 219 with loss of 4.101991653442383
2024-08-23 19:20:56,987 - INFO - NLL: 4.5909; RMSE: 0.7103; NMSE: 3.3728
2024-08-23 19:20:56,989 - INFO - training starts for model <class '__main__.Linear_Model_Of_Corregionalization'> with kernel <class '__main__.K_MS_with_Feat_Scaling'>; lr: 0.3488416075706482; step_size:77.5; gamma:0.3500000238418579
2024-08-23 19:20:56,999 - DEBUG - Completed
2024-08-23 19:22:05,336 - DEBUG - Iter 155/500 - Loss: 4.754
2024-08-23 19:23:02,345 - DEBUG - Iter 310/500 - Loss: 4.762
2024-08-23 19:23:47,215 - DEBUG - Iter 465/500 - Loss: 4.790
2024-08-23 19:23:57,873 - INFO - NLL: 5.1222; RMSE: 1.1035; NMSE: 5.2394
2024-08-23 19:23:57,874 - INFO - training starts for model <class '__main__.Linear_Model_Of_Corregionalization'> with kernel <class '__main__.K_MS_with_Feat_Scaling'>; lr: 0.3488416075706482; step_size:100.0; gamma:0.3500000238418579
2024-08-23 19:23:57,884 - DEBUG - Completed
2024-08-23 19:25:06,691 - DEBUG - Iter 100/500 - Loss: 4.520
2024-08-23 19:25:41,804 - DEBUG - Iter 200/500 - Loss: 4.528
2024-08-23 19:26:17,457 - DEBUG - Iter 300/500 - Loss: 4.509
2024-08-23 19:26:17,457 - INFO - Early cut off at epoch 299 with loss of 4.509376049041748
2024-08-23 19:26:18,252 - INFO - NLL: 5.1197; RMSE: 1.6122; NMSE: 7.6547
2024-08-23 19:26:18,254 - INFO - training starts for model <class '__main__.Linear_Model_Of_Corregionalization'> with kernel <class '__main__.K_MS_with_Feat_Scaling'>; lr: 0.3488416075706482; step_size:10.0; gamma:0.5
2024-08-23 19:26:18,263 - DEBUG - Completed
2024-08-23 19:26:21,558 - DEBUG - Iter 10/500 - Loss: 0.410
2024-08-23 19:26:26,673 - DEBUG - Iter 20/500 - Loss: -0.457
2024-08-23 19:26:35,089 - DEBUG - Iter 30/500 - Loss: -0.744
2024-08-23 19:26:44,016 - DEBUG - Iter 40/500 - Loss: -0.856
2024-08-23 19:26:53,047 - DEBUG - Iter 50/500 - Loss: -0.937
2024-08-23 19:27:02,196 - DEBUG - Iter 60/500 - Loss: -0.950
2024-08-23 19:27:11,377 - DEBUG - Iter 70/500 - Loss: -0.971
2024-08-23 19:27:20,476 - DEBUG - Iter 80/500 - Loss: -0.985
2024-08-23 19:27:29,558 - DEBUG - Iter 90/500 - Loss: -0.976
2024-08-23 19:27:38,625 - DEBUG - Iter 100/500 - Loss: -0.981
2024-08-23 19:27:47,753 - DEBUG - Iter 110/500 - Loss: -0.989
2024-08-23 19:27:56,920 - DEBUG - Iter 120/500 - Loss: -0.978
2024-08-23 19:27:56,920 - INFO - Early cut off at epoch 119 with loss of -0.9779018759727478
2024-08-23 19:27:57,684 - INFO - NLL: -0.7978; RMSE: 0.2083; NMSE: 0.9892
2024-08-23 19:27:57,685 - INFO - training starts for model <class '__main__.Linear_Model_Of_Corregionalization'> with kernel <class '__main__.K_MS_with_Feat_Scaling'>; lr: 0.3488416075706482; step_size:32.5; gamma:0.5
2024-08-23 19:27:57,695 - DEBUG - Completed
2024-08-23 19:28:53,500 - DEBUG - Iter 65/500 - Loss: 3.474
2024-08-23 19:29:13,385 - DEBUG - Iter 130/500 - Loss: 4.318
2024-08-23 19:29:33,986 - DEBUG - Iter 195/500 - Loss: 4.321
2024-08-23 19:29:54,864 - DEBUG - Iter 260/500 - Loss: 4.337
2024-08-23 19:30:15,502 - DEBUG - Iter 325/500 - Loss: 4.315
2024-08-23 19:30:36,386 - DEBUG - Iter 390/500 - Loss: 4.326
2024-08-23 19:30:56,476 - DEBUG - Iter 455/500 - Loss: 4.322
2024-08-23 19:31:11,056 - INFO - NLL: 4.7923; RMSE: 1.5230; NMSE: 7.2312
2024-08-23 19:31:11,058 - INFO - training starts for model <class '__main__.Linear_Model_Of_Corregionalization'> with kernel <class '__main__.K_MS_with_Feat_Scaling'>; lr: 0.3488416075706482; step_size:55.0; gamma:0.5
2024-08-23 19:31:11,067 - DEBUG - Completed
2024-08-23 19:31:52,176 - DEBUG - Iter 55/500 - Loss: 2.448
2024-08-23 19:32:28,564 - DEBUG - Iter 110/500 - Loss: 3.703
2024-08-23 19:32:41,755 - DEBUG - Iter 165/500 - Loss: 3.689
2024-08-23 19:32:41,755 - INFO - Early cut off at epoch 164 with loss of 3.6887259483337402
2024-08-23 19:32:44,711 - INFO - NLL: 29162.5898; RMSE: 7072.9731; NMSE: 33583.0850
2024-08-23 19:32:44,712 - INFO - training starts for model <class '__main__.Linear_Model_Of_Corregionalization'> with kernel <class '__main__.K_MS_with_Feat_Scaling'>; lr: 0.3488416075706482; step_size:77.5; gamma:0.5
2024-08-23 19:32:44,721 - DEBUG - Completed
2024-08-23 19:33:52,506 - DEBUG - Iter 155/500 - Loss: 4.643
2024-08-23 19:34:30,831 - DEBUG - Iter 310/500 - Loss: 4.699
2024-08-23 19:35:08,826 - DEBUG - Iter 465/500 - Loss: 4.713
2024-08-23 19:35:18,047 - INFO - NLL: 5.0567; RMSE: 0.8223; NMSE: 3.9043
2024-08-23 19:35:18,048 - INFO - training starts for model <class '__main__.Linear_Model_Of_Corregionalization'> with kernel <class '__main__.K_MS_with_Feat_Scaling'>; lr: 0.3488416075706482; step_size:100.0; gamma:0.5
2024-08-23 19:35:18,058 - DEBUG - Completed
2024-08-23 19:36:16,756 - DEBUG - Iter 100/500 - Loss: 4.451
2024-08-23 19:39:25,670 - DEBUG - Iter 200/500 - Loss: 5.281
2024-08-23 19:39:48,265 - DEBUG - Iter 300/500 - Loss: 5.271
2024-08-23 19:40:10,968 - DEBUG - Iter 400/500 - Loss: 5.279
2024-08-23 19:40:10,968 - INFO - Early cut off at epoch 399 with loss of 5.2788190841674805
2024-08-23 19:40:11,652 - INFO - NLL: 5.6558; RMSE: 1.6081; NMSE: 7.6353
2024-08-23 19:40:11,653 - INFO - training starts for model <class '__main__.Linear_Model_Of_Corregionalization'> with kernel <class '__main__.K_MS_with_Feat_Scaling'>; lr: 0.3488416075706482; step_size:10.0; gamma:0.6499999761581421
2024-08-23 19:40:11,663 - DEBUG - Completed
2024-08-23 19:40:14,895 - DEBUG - Iter 10/500 - Loss: 0.428
2024-08-23 19:40:21,662 - DEBUG - Iter 20/500 - Loss: -0.587
2024-08-23 19:40:31,563 - DEBUG - Iter 30/500 - Loss: -0.874
2024-08-23 19:40:41,651 - DEBUG - Iter 40/500 - Loss: -1.023
2024-08-23 19:40:51,652 - DEBUG - Iter 50/500 - Loss: -1.122
2024-08-23 19:41:01,538 - DEBUG - Iter 60/500 - Loss: -1.213
2024-08-23 19:41:11,302 - DEBUG - Iter 70/500 - Loss: -1.263
2024-08-23 19:41:21,237 - DEBUG - Iter 80/500 - Loss: -1.281
2024-08-23 19:41:30,969 - DEBUG - Iter 90/500 - Loss: -1.276
2024-08-23 19:41:30,969 - INFO - Early cut off at epoch 89 with loss of -1.27641761302948
2024-08-23 19:41:31,844 - INFO - NLL: -1.0660; RMSE: 0.2095; NMSE: 0.9948
2024-08-23 19:41:31,845 - INFO - training starts for model <class '__main__.Linear_Model_Of_Corregionalization'> with kernel <class '__main__.K_MS_with_Feat_Scaling'>; lr: 0.3488416075706482; step_size:32.5; gamma:0.6499999761581421
2024-08-23 19:41:31,855 - DEBUG - Completed
2024-08-23 19:42:15,660 - DEBUG - Iter 65/500 - Loss: 4.517
2024-08-23 19:43:11,484 - DEBUG - Iter 130/500 - Loss: 4.614
2024-08-23 19:43:34,406 - DEBUG - Iter 195/500 - Loss: 4.648
2024-08-23 19:43:51,486 - DEBUG - Iter 260/500 - Loss: 4.684
2024-08-23 19:44:08,132 - DEBUG - Iter 325/500 - Loss: 4.683
2024-08-23 19:44:24,715 - DEBUG - Iter 390/500 - Loss: 4.674
2024-08-23 19:44:41,352 - DEBUG - Iter 455/500 - Loss: 4.676
2024-08-23 19:44:53,757 - INFO - NLL: 5.0538; RMSE: 17.2039; NMSE: 81.6855
2024-08-23 19:44:53,758 - INFO - training starts for model <class '__main__.Linear_Model_Of_Corregionalization'> with kernel <class '__main__.K_MS_with_Feat_Scaling'>; lr: 0.3488416075706482; step_size:55.0; gamma:0.6499999761581421
2024-08-23 19:44:53,768 - DEBUG - Completed
2024-08-23 19:45:40,736 - DEBUG - Iter 55/500 - Loss: 3.622
2024-08-23 19:46:01,056 - DEBUG - Iter 110/500 - Loss: 4.469
2024-08-23 19:46:19,443 - DEBUG - Iter 165/500 - Loss: 4.431
2024-08-23 19:46:33,012 - DEBUG - Iter 220/500 - Loss: 4.438
2024-08-23 19:46:33,012 - INFO - Early cut off at epoch 219 with loss of 4.438295364379883
2024-08-23 19:46:33,609 - INFO - NLL: 4.7891; RMSE: 1.1803; NMSE: 5.6041
2024-08-23 19:46:33,610 - INFO - training starts for model <class '__main__.Linear_Model_Of_Corregionalization'> with kernel <class '__main__.K_MS_with_Feat_Scaling'>; lr: 0.3488416075706482; step_size:77.5; gamma:0.6499999761581421
2024-08-23 19:46:33,620 - DEBUG - Completed
2024-08-23 19:52:04,846 - DEBUG - Iter 155/500 - Loss: 2.079
2024-08-23 20:04:08,529 - DEBUG - Iter 310/500 - Loss: 2.058
2024-08-23 20:11:08,609 - DEBUG - Iter 465/500 - Loss: 5.656
2024-08-23 20:11:27,294 - INFO - NLL: 5.9747; RMSE: 0.4172; NMSE: 1.9807
2024-08-23 20:11:27,296 - INFO - training starts for model <class '__main__.Linear_Model_Of_Corregionalization'> with kernel <class '__main__.K_MS_with_Feat_Scaling'>; lr: 0.3488416075706482; step_size:100.0; gamma:0.6499999761581421
2024-08-23 20:11:27,306 - DEBUG - Completed
2024-08-23 20:12:31,025 - DEBUG - Iter 100/500 - Loss: 4.885
2024-08-23 20:12:55,428 - DEBUG - Iter 200/500 - Loss: 4.880
2024-08-23 20:13:19,596 - DEBUG - Iter 300/500 - Loss: 4.883
2024-08-23 20:13:19,596 - INFO - Early cut off at epoch 299 with loss of 4.883077621459961
2024-08-23 20:13:22,645 - INFO - NLL: 1496.2936; RMSE: 3547.2910; NMSE: 16842.8429
2024-08-23 20:13:22,647 - INFO - training starts for model <class '__main__.Linear_Model_Of_Corregionalization'> with kernel <class '__main__.K_MS_with_Feat_Scaling'>; lr: 0.3488416075706482; step_size:10.0; gamma:0.800000011920929
2024-08-23 20:13:22,656 - DEBUG - Completed
2024-08-23 20:13:26,098 - DEBUG - Iter 10/500 - Loss: 0.417
2024-08-23 20:13:34,145 - DEBUG - Iter 20/500 - Loss: -0.476
2024-08-23 20:13:42,980 - DEBUG - Iter 30/500 - Loss: -0.783
2024-08-23 20:13:50,515 - DEBUG - Iter 40/500 - Loss: -0.778
2024-08-23 20:13:57,354 - DEBUG - Iter 50/500 - Loss: -0.931
2024-08-23 20:14:03,778 - DEBUG - Iter 60/500 - Loss: -0.897
2024-08-23 20:14:11,845 - DEBUG - Iter 70/500 - Loss: -0.762
2024-08-23 20:14:21,744 - DEBUG - Iter 80/500 - Loss: -1.003
2024-08-23 20:14:28,251 - DEBUG - Iter 90/500 - Loss: -1.172
2024-08-23 20:14:34,448 - DEBUG - Iter 100/500 - Loss: -1.159
2024-08-23 20:14:40,627 - DEBUG - Iter 110/500 - Loss: -1.251
2024-08-23 20:14:46,990 - DEBUG - Iter 120/500 - Loss: -1.201
2024-08-23 20:14:53,925 - DEBUG - Iter 130/500 - Loss: -1.214
2024-08-23 20:14:53,925 - INFO - Early cut off at epoch 129 with loss of -1.2143827676773071
2024-08-23 20:14:54,765 - INFO - NLL: -1.1022; RMSE: 0.2055; NMSE: 0.9757
2024-08-23 20:14:54,768 - INFO - training starts for model <class '__main__.Linear_Model_Of_Corregionalization'> with kernel <class '__main__.K_MS_with_Feat_Scaling'>; lr: 0.3488416075706482; step_size:32.5; gamma:0.800000011920929
2024-08-23 20:14:54,779 - DEBUG - Completed
2024-08-23 20:15:38,906 - DEBUG - Iter 65/500 - Loss: 4.033
2024-08-23 20:16:06,046 - DEBUG - Iter 130/500 - Loss: 4.972
2024-08-23 20:16:23,515 - DEBUG - Iter 195/500 - Loss: 4.958
2024-08-23 20:16:46,461 - DEBUG - Iter 260/500 - Loss: 4.968
2024-08-23 20:17:04,074 - DEBUG - Iter 325/500 - Loss: 4.950
2024-08-23 20:17:21,749 - DEBUG - Iter 390/500 - Loss: 4.945
2024-08-23 20:17:39,457 - DEBUG - Iter 455/500 - Loss: 4.941
2024-08-23 20:17:52,914 - INFO - NLL: 5.3180; RMSE: 1.0558; NMSE: 5.0129
2024-08-23 20:17:52,915 - INFO - training starts for model <class '__main__.Linear_Model_Of_Corregionalization'> with kernel <class '__main__.K_MS_with_Feat_Scaling'>; lr: 0.3488416075706482; step_size:55.0; gamma:0.800000011920929
2024-08-23 20:17:52,925 - DEBUG - Completed
2024-08-23 20:18:30,085 - DEBUG - Iter 55/500 - Loss: 3.291
2024-08-23 20:19:20,937 - DEBUG - Iter 110/500 - Loss: 4.775
2024-08-23 20:19:34,709 - DEBUG - Iter 165/500 - Loss: 4.781
2024-08-23 20:19:34,709 - INFO - Early cut off at epoch 164 with loss of 4.780726432800293
2024-08-23 20:19:37,845 - INFO - NLL: 31.5346; RMSE: 508.0710; NMSE: 2412.3646
2024-08-23 20:19:37,848 - INFO - training starts for model <class '__main__.Linear_Model_Of_Corregionalization'> with kernel <class '__main__.K_MS_with_Feat_Scaling'>; lr: 0.3488416075706482; step_size:77.5; gamma:0.800000011920929
2024-08-23 20:19:37,858 - DEBUG - Completed
2024-08-23 20:22:18,891 - DEBUG - Iter 155/500 - Loss: 4.762
2024-08-23 20:23:16,481 - DEBUG - Iter 310/500 - Loss: 4.954
2024-08-23 20:23:54,424 - DEBUG - Iter 465/500 - Loss: 4.954
2024-08-23 20:24:06,126 - INFO - NLL: 3112.4719; RMSE: 6175.9487; NMSE: 29323.9359
2024-08-23 20:24:06,128 - INFO - training starts for model <class '__main__.Linear_Model_Of_Corregionalization'> with kernel <class '__main__.K_MS_with_Feat_Scaling'>; lr: 0.3488416075706482; step_size:100.0; gamma:0.800000011920929
2024-08-23 20:24:06,138 - DEBUG - Completed
2024-08-23 20:25:58,932 - DEBUG - Iter 100/500 - Loss: 4.460
2024-08-23 20:34:34,993 - DEBUG - Iter 200/500 - Loss: 3.440
2024-08-23 20:43:15,544 - DEBUG - Iter 300/500 - Loss: 3.500
2024-08-23 20:47:48,289 - DEBUG - Iter 400/500 - Loss: 4.768
2024-08-23 20:48:28,220 - DEBUG - Iter 500/500 - Loss: 4.730
2024-08-23 20:48:28,905 - INFO - NLL: 5.1825; RMSE: 0.9758; NMSE: 4.6332
2024-08-23 20:48:28,907 - INFO - training starts for model <class '__main__.Linear_Model_Of_Corregionalization'> with kernel <class '__main__.K_MS_with_Feat_Scaling'>; lr: 0.5198085904121399; step_size:10.0; gamma:0.20000000298023224
2024-08-23 20:48:28,917 - DEBUG - Completed
2024-08-23 20:48:32,644 - DEBUG - Iter 10/500 - Loss: 0.198
2024-08-23 20:48:39,790 - DEBUG - Iter 20/500 - Loss: -0.557
2024-08-23 20:48:47,615 - DEBUG - Iter 30/500 - Loss: -0.709
2024-08-23 20:48:55,307 - DEBUG - Iter 40/500 - Loss: -0.739
2024-08-23 20:49:03,016 - DEBUG - Iter 50/500 - Loss: -0.743
2024-08-23 20:49:10,743 - DEBUG - Iter 60/500 - Loss: -0.753
2024-08-23 20:49:18,462 - DEBUG - Iter 70/500 - Loss: -0.744
2024-08-23 20:49:18,462 - INFO - Early cut off at epoch 69 with loss of -0.7442334890365601
2024-08-23 20:49:19,137 - INFO - NLL: -0.6336; RMSE: 0.2033; NMSE: 0.9654
2024-08-23 20:49:19,138 - INFO - training starts for model <class '__main__.Linear_Model_Of_Corregionalization'> with kernel <class '__main__.K_MS_with_Feat_Scaling'>; lr: 0.5198085904121399; step_size:32.5; gamma:0.20000000298023224
2024-08-23 20:49:19,148 - DEBUG - Completed
2024-08-23 20:51:39,918 - DEBUG - Iter 65/500 - Loss: 5.746
2024-08-23 20:54:02,945 - DEBUG - Iter 130/500 - Loss: 4.700
2024-08-23 20:54:29,017 - DEBUG - Iter 195/500 - Loss: 4.695
2024-08-23 20:54:55,683 - DEBUG - Iter 260/500 - Loss: 4.700
2024-08-23 20:55:22,190 - DEBUG - Iter 325/500 - Loss: 4.688
2024-08-23 20:55:51,781 - DEBUG - Iter 390/500 - Loss: 4.694
2024-08-23 20:56:23,171 - DEBUG - Iter 455/500 - Loss: 4.691
2024-08-23 20:56:46,805 - INFO - NLL: 5.4324; RMSE: 38.2165; NMSE: 181.4554
2024-08-23 20:56:46,807 - INFO - training starts for model <class '__main__.Linear_Model_Of_Corregionalization'> with kernel <class '__main__.K_MS_with_Feat_Scaling'>; lr: 0.5198085904121399; step_size:55.0; gamma:0.20000000298023224
2024-08-23 20:56:46,818 - DEBUG - Completed
2024-08-23 20:57:48,534 - DEBUG - Iter 55/500 - Loss: 5.168
2024-08-23 20:58:04,216 - DEBUG - Iter 110/500 - Loss: 5.222
2024-08-23 20:58:20,178 - DEBUG - Iter 165/500 - Loss: 5.220
2024-08-23 20:58:20,178 - INFO - Early cut off at epoch 164 with loss of 5.219781875610352
2024-08-23 20:58:21,318 - INFO - NLL: 5.5434; RMSE: 4.5170; NMSE: 21.4471
2024-08-23 20:58:21,320 - INFO - training starts for model <class '__main__.Linear_Model_Of_Corregionalization'> with kernel <class '__main__.K_MS_with_Feat_Scaling'>; lr: 0.5198085904121399; step_size:77.5; gamma:0.20000000298023224
2024-08-23 20:58:21,331 - DEBUG - Completed
2024-08-23 21:08:03,674 - DEBUG - Iter 155/500 - Loss: 5.056
2024-08-23 21:20:19,817 - DEBUG - Iter 310/500 - Loss: 5.590
2024-08-23 21:31:53,134 - DEBUG - Iter 465/500 - Loss: 6.326
2024-08-23 21:33:31,068 - INFO - NLL: 901.3270; RMSE: 12515.5420; NMSE: 59424.8701
2024-08-23 21:33:31,069 - INFO - training starts for model <class '__main__.Linear_Model_Of_Corregionalization'> with kernel <class '__main__.K_MS_with_Feat_Scaling'>; lr: 0.5198085904121399; step_size:100.0; gamma:0.20000000298023224
2024-08-23 21:33:31,081 - DEBUG - Completed
2024-08-23 21:35:13,024 - DEBUG - Iter 100/500 - Loss: 5.279
2024-08-23 21:35:35,282 - DEBUG - Iter 200/500 - Loss: 5.310
2024-08-23 21:35:57,465 - DEBUG - Iter 300/500 - Loss: 5.303
2024-08-23 21:35:57,465 - INFO - Early cut off at epoch 299 with loss of 5.303089141845703
2024-08-23 21:35:58,132 - INFO - NLL: 5.5853; RMSE: 1.3382; NMSE: 6.3538
2024-08-23 21:35:58,134 - INFO - training starts for model <class '__main__.Linear_Model_Of_Corregionalization'> with kernel <class '__main__.K_MS_with_Feat_Scaling'>; lr: 0.5198085904121399; step_size:10.0; gamma:0.3500000238418579
2024-08-23 21:35:58,144 - DEBUG - Completed
2024-08-23 21:36:01,971 - DEBUG - Iter 10/500 - Loss: 0.128
2024-08-23 21:36:09,207 - DEBUG - Iter 20/500 - Loss: -0.681
2024-08-23 21:36:17,217 - DEBUG - Iter 30/500 - Loss: -0.953
2024-08-23 21:36:25,277 - DEBUG - Iter 40/500 - Loss: -1.022
2024-08-23 21:36:33,371 - DEBUG - Iter 50/500 - Loss: -1.063
2024-08-23 21:36:41,597 - DEBUG - Iter 60/500 - Loss: -1.080
2024-08-23 21:36:49,839 - DEBUG - Iter 70/500 - Loss: -1.076
2024-08-23 21:36:58,059 - DEBUG - Iter 80/500 - Loss: -1.081
2024-08-23 21:37:06,272 - DEBUG - Iter 90/500 - Loss: -1.064
2024-08-23 21:37:14,533 - DEBUG - Iter 100/500 - Loss: -1.060
2024-08-23 21:37:22,804 - DEBUG - Iter 110/500 - Loss: -1.075
2024-08-23 21:37:31,054 - DEBUG - Iter 120/500 - Loss: -1.080
2024-08-23 21:37:39,323 - DEBUG - Iter 130/500 - Loss: -1.061
2024-08-23 21:37:47,741 - DEBUG - Iter 140/500 - Loss: -1.064
2024-08-23 21:37:56,011 - DEBUG - Iter 150/500 - Loss: -1.070
2024-08-23 21:38:04,286 - DEBUG - Iter 160/500 - Loss: -1.090
2024-08-23 21:38:12,595 - DEBUG - Iter 170/500 - Loss: -1.085
2024-08-23 21:38:20,905 - DEBUG - Iter 180/500 - Loss: -1.073
2024-08-23 21:38:29,209 - DEBUG - Iter 190/500 - Loss: -1.083
2024-08-23 21:38:37,530 - DEBUG - Iter 200/500 - Loss: -1.057
2024-08-23 21:38:45,838 - DEBUG - Iter 210/500 - Loss: -1.071
2024-08-23 21:38:54,133 - DEBUG - Iter 220/500 - Loss: -1.067
2024-08-23 21:39:02,432 - DEBUG - Iter 230/500 - Loss: -1.085
2024-08-23 21:39:10,780 - DEBUG - Iter 240/500 - Loss: -1.062
2024-08-23 21:39:19,147 - DEBUG - Iter 250/500 - Loss: -1.074
2024-08-23 21:39:19,147 - INFO - Early cut off at epoch 249 with loss of -1.074258804321289
2024-08-23 21:39:19,942 - INFO - NLL: -0.8844; RMSE: 0.2075; NMSE: 0.9852
2024-08-23 21:39:19,943 - INFO - training starts for model <class '__main__.Linear_Model_Of_Corregionalization'> with kernel <class '__main__.K_MS_with_Feat_Scaling'>; lr: 0.5198085904121399; step_size:32.5; gamma:0.3500000238418579
2024-08-23 21:39:19,953 - DEBUG - Completed
2024-08-23 21:39:54,294 - DEBUG - Iter 65/500 - Loss: 5.048
2024-08-23 21:40:09,516 - DEBUG - Iter 130/500 - Loss: 5.060
2024-08-23 21:40:24,978 - DEBUG - Iter 195/500 - Loss: 5.060
2024-08-23 21:40:40,311 - DEBUG - Iter 260/500 - Loss: 5.074
2024-08-23 21:40:55,624 - DEBUG - Iter 325/500 - Loss: 5.058
2024-08-23 21:41:10,944 - DEBUG - Iter 390/500 - Loss: 5.068
2024-08-23 21:41:26,277 - DEBUG - Iter 455/500 - Loss: 5.060
2024-08-23 21:41:37,477 - INFO - NLL: 5.4910; RMSE: 0.6184; NMSE: 2.9362
2024-08-23 21:41:37,479 - INFO - training starts for model <class '__main__.Linear_Model_Of_Corregionalization'> with kernel <class '__main__.K_MS_with_Feat_Scaling'>; lr: 0.5198085904121399; step_size:55.0; gamma:0.3500000238418579
2024-08-23 21:41:37,489 - DEBUG - Completed
2024-08-23 21:42:08,262 - DEBUG - Iter 55/500 - Loss: 4.849
2024-08-23 21:42:22,141 - DEBUG - Iter 110/500 - Loss: 4.887
2024-08-23 21:42:35,891 - DEBUG - Iter 165/500 - Loss: 4.881
2024-08-23 21:42:35,892 - INFO - Early cut off at epoch 164 with loss of 4.8813862800598145
2024-08-23 21:42:36,590 - INFO - NLL: 5.2995; RMSE: 1.3898; NMSE: 6.5989
2024-08-23 21:42:36,592 - INFO - training starts for model <class '__main__.Linear_Model_Of_Corregionalization'> with kernel <class '__main__.K_MS_with_Feat_Scaling'>; lr: 0.5198085904121399; step_size:77.5; gamma:0.3500000238418579
2024-08-23 21:42:36,602 - DEBUG - Completed
2024-08-23 21:43:32,058 - DEBUG - Iter 155/500 - Loss: 5.214
2024-08-23 21:44:08,575 - DEBUG - Iter 310/500 - Loss: 5.229
2024-08-23 21:44:44,813 - DEBUG - Iter 465/500 - Loss: 5.200
2024-08-23 21:44:53,703 - INFO - NLL: 5.4817; RMSE: 1.9988; NMSE: 9.4905
2024-08-23 21:44:53,704 - INFO - training starts for model <class '__main__.Linear_Model_Of_Corregionalization'> with kernel <class '__main__.K_MS_with_Feat_Scaling'>; lr: 0.5198085904121399; step_size:100.0; gamma:0.3500000238418579
2024-08-23 21:44:53,714 - DEBUG - Completed
2024-08-23 21:45:54,362 - DEBUG - Iter 100/500 - Loss: 5.335
2024-08-23 21:46:20,783 - DEBUG - Iter 200/500 - Loss: 5.372
2024-08-23 21:46:43,153 - DEBUG - Iter 300/500 - Loss: 5.351
2024-08-23 21:47:05,468 - DEBUG - Iter 400/500 - Loss: 5.356
2024-08-23 21:47:05,469 - INFO - Early cut off at epoch 399 with loss of 5.356436252593994
2024-08-23 21:47:08,565 - INFO - NLL: 11746.7012; RMSE: 16521.8672; NMSE: 78447.2469
2024-08-23 21:47:08,566 - INFO - training starts for model <class '__main__.Linear_Model_Of_Corregionalization'> with kernel <class '__main__.K_MS_with_Feat_Scaling'>; lr: 0.5198085904121399; step_size:10.0; gamma:0.5
2024-08-23 21:47:08,576 - DEBUG - Completed
2024-08-23 21:47:12,370 - DEBUG - Iter 10/500 - Loss: 0.089
2024-08-23 21:47:19,897 - DEBUG - Iter 20/500 - Loss: -0.442
2024-08-23 21:47:27,173 - DEBUG - Iter 30/500 - Loss: -0.913
2024-08-23 21:47:34,012 - DEBUG - Iter 40/500 - Loss: -1.126
2024-08-23 21:47:40,676 - DEBUG - Iter 50/500 - Loss: -1.189
2024-08-23 21:47:47,364 - DEBUG - Iter 60/500 - Loss: -1.247
2024-08-23 21:47:54,050 - DEBUG - Iter 70/500 - Loss: -1.275
2024-08-23 21:48:01,009 - DEBUG - Iter 80/500 - Loss: -1.286
2024-08-23 21:48:07,831 - DEBUG - Iter 90/500 - Loss: -1.252
2024-08-23 21:48:14,695 - DEBUG - Iter 100/500 - Loss: -1.282
2024-08-23 21:48:21,601 - DEBUG - Iter 110/500 - Loss: -1.265
2024-08-23 21:48:28,506 - DEBUG - Iter 120/500 - Loss: -1.284
2024-08-23 21:48:35,449 - DEBUG - Iter 130/500 - Loss: -1.256
2024-08-23 21:48:42,410 - DEBUG - Iter 140/500 - Loss: -1.294
2024-08-23 21:48:49,382 - DEBUG - Iter 150/500 - Loss: -1.272
2024-08-23 21:48:56,348 - DEBUG - Iter 160/500 - Loss: -1.292
2024-08-23 21:49:03,313 - DEBUG - Iter 170/500 - Loss: -1.286
2024-08-23 21:49:10,269 - DEBUG - Iter 180/500 - Loss: -1.281
2024-08-23 21:49:17,207 - DEBUG - Iter 190/500 - Loss: -1.276
2024-08-23 21:49:17,208 - INFO - Early cut off at epoch 189 with loss of -1.2757891416549683
2024-08-23 21:49:17,953 - INFO - NLL: -1.1150; RMSE: 0.2082; NMSE: 0.9883
2024-08-23 21:49:17,955 - INFO - training starts for model <class '__main__.Linear_Model_Of_Corregionalization'> with kernel <class '__main__.K_MS_with_Feat_Scaling'>; lr: 0.5198085904121399; step_size:32.5; gamma:0.5
2024-08-23 21:49:17,965 - DEBUG - Completed
2024-08-23 21:50:54,091 - DEBUG - Iter 65/500 - Loss: 4.867
2024-08-23 21:51:19,580 - DEBUG - Iter 130/500 - Loss: 4.893
2024-08-23 21:51:45,090 - DEBUG - Iter 195/500 - Loss: 4.899
2024-08-23 21:52:10,393 - DEBUG - Iter 260/500 - Loss: 4.895
2024-08-23 21:52:29,959 - DEBUG - Iter 325/500 - Loss: 4.892
2024-08-23 21:53:01,104 - DEBUG - Iter 390/500 - Loss: 4.877
2024-08-23 21:53:26,529 - DEBUG - Iter 455/500 - Loss: 4.887
2024-08-23 21:53:49,229 - INFO - NLL: 13440.2129; RMSE: 16116.2227; NMSE: 76521.2117
2024-08-23 21:53:49,230 - INFO - training starts for model <class '__main__.Linear_Model_Of_Corregionalization'> with kernel <class '__main__.K_MS_with_Feat_Scaling'>; lr: 0.5198085904121399; step_size:55.0; gamma:0.5
2024-08-23 21:53:49,240 - DEBUG - Completed
2024-08-23 21:55:03,123 - DEBUG - Iter 55/500 - Loss: 5.000
2024-08-23 21:55:32,014 - DEBUG - Iter 110/500 - Loss: 5.075
2024-08-23 21:55:45,650 - DEBUG - Iter 165/500 - Loss: 5.066
2024-08-23 21:55:45,650 - INFO - Early cut off at epoch 164 with loss of 5.066345691680908
2024-08-23 21:55:46,191 - INFO - NLL: 5.4660; RMSE: 2.1014; NMSE: 9.9774
2024-08-23 21:55:46,192 - INFO - training starts for model <class '__main__.Linear_Model_Of_Corregionalization'> with kernel <class '__main__.K_MS_with_Feat_Scaling'>; lr: 0.5198085904121399; step_size:77.5; gamma:0.5
2024-08-23 21:55:46,202 - DEBUG - Completed
2024-08-23 21:57:00,099 - DEBUG - Iter 155/500 - Loss: 4.925
2024-08-23 21:57:49,870 - DEBUG - Iter 310/500 - Loss: 4.907
2024-08-23 21:58:39,674 - DEBUG - Iter 465/500 - Loss: 4.920
2024-08-23 21:58:54,489 - INFO - NLL: 542.2455; RMSE: 2980.0796; NMSE: 14149.6743
2024-08-23 21:58:54,491 - INFO - training starts for model <class '__main__.Linear_Model_Of_Corregionalization'> with kernel <class '__main__.K_MS_with_Feat_Scaling'>; lr: 0.5198085904121399; step_size:100.0; gamma:0.5
2024-08-23 21:58:54,501 - DEBUG - Completed
2024-08-23 21:59:36,439 - DEBUG - Iter 100/500 - Loss: 5.348
2024-08-23 22:00:01,244 - DEBUG - Iter 200/500 - Loss: 5.332
2024-08-23 22:00:26,102 - DEBUG - Iter 300/500 - Loss: 5.340
2024-08-23 22:00:26,102 - INFO - Early cut off at epoch 299 with loss of 5.340037822723389
2024-08-23 22:00:27,071 - INFO - NLL: 5.6843; RMSE: 1.4810; NMSE: 7.0319
2024-08-23 22:00:27,072 - INFO - training starts for model <class '__main__.Linear_Model_Of_Corregionalization'> with kernel <class '__main__.K_MS_with_Feat_Scaling'>; lr: 0.5198085904121399; step_size:10.0; gamma:0.6499999761581421
2024-08-23 22:00:27,082 - DEBUG - Completed
2024-08-23 22:00:30,928 - DEBUG - Iter 10/500 - Loss: 0.059
2024-08-23 22:00:38,726 - DEBUG - Iter 20/500 - Loss: -0.326
2024-08-23 22:00:47,604 - DEBUG - Iter 30/500 - Loss: -0.455
2024-08-23 22:00:59,544 - DEBUG - Iter 40/500 - Loss: -0.437
2024-08-23 22:01:15,848 - DEBUG - Iter 50/500 - Loss: -0.543
2024-08-23 22:01:27,901 - DEBUG - Iter 60/500 - Loss: -0.676
2024-08-23 22:01:41,152 - DEBUG - Iter 70/500 - Loss: -0.815
2024-08-23 22:01:51,536 - DEBUG - Iter 80/500 - Loss: -0.876
2024-08-23 22:02:02,217 - DEBUG - Iter 90/500 - Loss: -0.907
2024-08-23 22:02:12,467 - DEBUG - Iter 100/500 - Loss: -0.961
2024-08-23 22:02:22,977 - DEBUG - Iter 110/500 - Loss: -0.982
2024-08-23 22:02:33,682 - DEBUG - Iter 120/500 - Loss: -1.009
2024-08-23 22:02:44,556 - DEBUG - Iter 130/500 - Loss: -0.992
2024-08-23 22:02:55,281 - DEBUG - Iter 140/500 - Loss: -1.034
2024-08-23 22:03:06,086 - DEBUG - Iter 150/500 - Loss: -1.055
2024-08-23 22:03:17,299 - DEBUG - Iter 160/500 - Loss: -1.019
2024-08-23 22:03:28,466 - DEBUG - Iter 170/500 - Loss: -1.043
2024-08-23 22:03:39,636 - DEBUG - Iter 180/500 - Loss: -1.051
2024-08-23 22:03:50,907 - DEBUG - Iter 190/500 - Loss: -1.033
2024-08-23 22:04:02,236 - DEBUG - Iter 200/500 - Loss: -1.034
2024-08-23 22:04:14,036 - DEBUG - Iter 210/500 - Loss: -1.034
2024-08-23 22:04:25,737 - DEBUG - Iter 220/500 - Loss: -1.038
2024-08-23 22:04:37,510 - DEBUG - Iter 230/500 - Loss: -1.028
2024-08-23 22:04:49,290 - DEBUG - Iter 240/500 - Loss: -1.037
2024-08-23 22:05:00,925 - DEBUG - Iter 250/500 - Loss: -1.017
2024-08-23 22:05:12,682 - DEBUG - Iter 260/500 - Loss: -1.064
2024-08-23 22:05:24,474 - DEBUG - Iter 270/500 - Loss: -1.043
2024-08-23 22:05:36,051 - DEBUG - Iter 280/500 - Loss: -1.045
2024-08-23 22:05:47,803 - DEBUG - Iter 290/500 - Loss: -1.061
2024-08-23 22:05:59,549 - DEBUG - Iter 300/500 - Loss: -1.050
2024-08-23 22:05:59,550 - INFO - Early cut off at epoch 299 with loss of -1.0502277612686157
2024-08-23 22:06:00,763 - INFO - NLL: -0.9079; RMSE: 0.2122; NMSE: 1.0075
2024-08-23 22:06:00,765 - INFO - training starts for model <class '__main__.Linear_Model_Of_Corregionalization'> with kernel <class '__main__.K_MS_with_Feat_Scaling'>; lr: 0.5198085904121399; step_size:32.5; gamma:0.6499999761581421
2024-08-23 22:06:00,774 - DEBUG - Completed
2024-08-23 22:06:32,626 - DEBUG - Iter 65/500 - Loss: 4.839
2024-08-23 22:06:59,534 - DEBUG - Iter 130/500 - Loss: 5.063
2024-08-23 22:07:31,593 - DEBUG - Iter 195/500 - Loss: 5.122
2024-08-23 22:07:47,833 - DEBUG - Iter 260/500 - Loss: 5.128
2024-08-23 22:08:04,127 - DEBUG - Iter 325/500 - Loss: 5.117
2024-08-23 22:08:20,370 - DEBUG - Iter 390/500 - Loss: 5.110
2024-08-23 22:08:36,636 - DEBUG - Iter 455/500 - Loss: 5.131
2024-08-23 22:08:48,488 - INFO - NLL: 5.4948; RMSE: 1.3739; NMSE: 6.5236
2024-08-23 22:08:48,490 - INFO - training starts for model <class '__main__.Linear_Model_Of_Corregionalization'> with kernel <class '__main__.K_MS_with_Feat_Scaling'>; lr: 0.5198085904121399; step_size:55.0; gamma:0.6499999761581421
2024-08-23 22:08:48,500 - DEBUG - Completed
2024-08-23 22:09:23,211 - DEBUG - Iter 55/500 - Loss: 4.862
2024-08-23 22:09:36,905 - DEBUG - Iter 110/500 - Loss: 4.872
2024-08-23 22:09:50,408 - DEBUG - Iter 165/500 - Loss: 4.885
2024-08-23 22:09:50,408 - INFO - Early cut off at epoch 164 with loss of 4.88503360748291
2024-08-23 22:09:50,967 - INFO - NLL: 5.2117; RMSE: 1.2646; NMSE: 6.0042
2024-08-23 22:09:50,968 - INFO - training starts for model <class '__main__.Linear_Model_Of_Corregionalization'> with kernel <class '__main__.K_MS_with_Feat_Scaling'>; lr: 0.5198085904121399; step_size:77.5; gamma:0.6499999761581421
2024-08-23 22:09:50,977 - DEBUG - Completed
2024-08-23 22:11:04,956 - DEBUG - Iter 155/500 - Loss: 5.171
2024-08-23 22:11:47,406 - DEBUG - Iter 310/500 - Loss: 5.175
2024-08-23 22:12:29,489 - DEBUG - Iter 465/500 - Loss: 5.169
2024-08-23 22:12:42,139 - INFO - NLL: 507.7286; RMSE: 3291.3757; NMSE: 15627.7352
2024-08-23 22:12:42,142 - INFO - training starts for model <class '__main__.Linear_Model_Of_Corregionalization'> with kernel <class '__main__.K_MS_with_Feat_Scaling'>; lr: 0.5198085904121399; step_size:100.0; gamma:0.6499999761581421
2024-08-23 22:12:42,152 - DEBUG - Completed
2024-08-23 22:14:08,280 - DEBUG - Iter 100/500 - Loss: 4.919
2024-08-23 22:14:31,010 - DEBUG - Iter 200/500 - Loss: 4.911
2024-08-23 22:14:53,868 - DEBUG - Iter 300/500 - Loss: 4.924
2024-08-23 22:15:16,671 - DEBUG - Iter 400/500 - Loss: 4.922
2024-08-23 22:15:39,464 - DEBUG - Iter 500/500 - Loss: 4.890
2024-08-23 22:15:40,154 - INFO - NLL: 5.3713; RMSE: 1.7773; NMSE: 8.4387
2024-08-23 22:15:40,155 - INFO - training starts for model <class '__main__.Linear_Model_Of_Corregionalization'> with kernel <class '__main__.K_MS_with_Feat_Scaling'>; lr: 0.5198085904121399; step_size:10.0; gamma:0.800000011920929
2024-08-23 22:15:40,165 - DEBUG - Completed
2024-08-23 22:15:44,085 - DEBUG - Iter 10/500 - Loss: 0.050
2024-08-23 22:16:03,734 - DEBUG - Iter 20/500 - Loss: 2.462
2024-08-23 22:16:05,958 - DEBUG - Iter 30/500 - Loss: 3.606
2024-08-23 22:16:12,167 - DEBUG - Iter 40/500 - Loss: 3.792
2024-08-23 22:16:14,296 - DEBUG - Iter 50/500 - Loss: 3.918
2024-08-23 22:16:16,414 - DEBUG - Iter 60/500 - Loss: 3.926
2024-08-23 22:16:18,533 - DEBUG - Iter 70/500 - Loss: 3.940
2024-08-23 22:16:20,654 - DEBUG - Iter 80/500 - Loss: 3.927
2024-08-23 22:16:22,777 - DEBUG - Iter 90/500 - Loss: 3.934
2024-08-23 22:16:24,894 - DEBUG - Iter 100/500 - Loss: 3.937
2024-08-23 22:16:27,019 - DEBUG - Iter 110/500 - Loss: 3.936
2024-08-23 22:16:27,019 - INFO - Early cut off at epoch 109 with loss of 3.936225414276123
2024-08-23 22:16:29,988 - INFO - NLL: 262.8075; RMSE: 713.6072; NMSE: 3388.2686
2024-08-23 22:16:29,989 - INFO - training starts for model <class '__main__.Linear_Model_Of_Corregionalization'> with kernel <class '__main__.K_MS_with_Feat_Scaling'>; lr: 0.5198085904121399; step_size:32.5; gamma:0.800000011920929
2024-08-23 22:16:29,998 - DEBUG - Completed
2024-08-23 22:17:51,856 - DEBUG - Iter 65/500 - Loss: 4.718
2024-08-23 22:18:29,257 - DEBUG - Iter 130/500 - Loss: 4.835
2024-08-23 22:18:53,716 - DEBUG - Iter 195/500 - Loss: 4.852
2024-08-23 22:19:18,657 - DEBUG - Iter 260/500 - Loss: 4.818
2024-08-23 22:19:43,347 - DEBUG - Iter 325/500 - Loss: 4.827
2024-08-23 22:20:07,824 - DEBUG - Iter 390/500 - Loss: 4.830
2024-08-23 22:20:32,139 - DEBUG - Iter 455/500 - Loss: 4.821
2024-08-23 22:20:52,293 - INFO - NLL: 6391.4844; RMSE: 11805.7881; NMSE: 56054.8975
2024-08-23 22:20:52,294 - INFO - training starts for model <class '__main__.Linear_Model_Of_Corregionalization'> with kernel <class '__main__.K_MS_with_Feat_Scaling'>; lr: 0.5198085904121399; step_size:55.0; gamma:0.800000011920929
2024-08-23 22:20:52,304 - DEBUG - Completed
2024-08-23 22:21:31,919 - DEBUG - Iter 55/500 - Loss: 5.019
2024-08-23 22:21:53,975 - DEBUG - Iter 110/500 - Loss: 5.104
2024-08-23 22:22:06,699 - DEBUG - Iter 165/500 - Loss: 5.088
2024-08-23 22:22:06,699 - INFO - Early cut off at epoch 164 with loss of 5.088028907775879
2024-08-23 22:22:09,729 - INFO - NLL: 13269.9082; RMSE: 14162.3027; NMSE: 67243.8318
2024-08-23 22:22:09,730 - INFO - training starts for model <class '__main__.Linear_Model_Of_Corregionalization'> with kernel <class '__main__.K_MS_with_Feat_Scaling'>; lr: 0.5198085904121399; step_size:77.5; gamma:0.800000011920929
2024-08-23 22:22:09,739 - DEBUG - Completed
2024-08-23 22:25:21,086 - DEBUG - Iter 155/500 - Loss: 5.102
2024-08-23 22:26:00,298 - DEBUG - Iter 310/500 - Loss: 5.094
2024-08-23 22:28:49,610 - DEBUG - Iter 465/500 - Loss: 5.061
2024-08-23 22:30:17,755 - INFO - NLL: 2148.3477; RMSE: 5726.5278; NMSE: 27190.0468
2024-08-23 22:30:17,757 - INFO - training starts for model <class '__main__.Linear_Model_Of_Corregionalization'> with kernel <class '__main__.K_MS_with_Feat_Scaling'>; lr: 0.5198085904121399; step_size:100.0; gamma:0.800000011920929
2024-08-23 22:30:17,767 - DEBUG - Completed
2024-08-23 22:31:28,234 - DEBUG - Iter 100/500 - Loss: 5.021
2024-08-23 22:31:54,168 - DEBUG - Iter 200/500 - Loss: 5.030
2024-08-23 22:31:54,169 - INFO - Early cut off at epoch 199 with loss of 5.0296502113342285
2024-08-23 22:31:57,357 - INFO - NLL: 22420.6973; RMSE: 17789.7910; NMSE: 84467.4583
2024-08-23 22:31:57,358 - INFO - training starts for model <class '__main__.Linear_Model_Of_Corregionalization'> with kernel <class '__main__.K_MS_with_Feat_Scaling'>; lr: 0.6907755732536316; step_size:10.0; gamma:0.20000000298023224
2024-08-23 22:31:57,368 - DEBUG - Completed
2024-08-23 22:32:02,390 - DEBUG - Iter 10/500 - Loss: 0.373
2024-08-23 22:32:08,100 - DEBUG - Iter 20/500 - Loss: -0.301
2024-08-23 22:32:12,805 - DEBUG - Iter 30/500 - Loss: -0.602
2024-08-23 22:32:17,278 - DEBUG - Iter 40/500 - Loss: -0.694
2024-08-23 22:32:21,746 - DEBUG - Iter 50/500 - Loss: -0.730
2024-08-23 22:32:26,249 - DEBUG - Iter 60/500 - Loss: -0.726
2024-08-23 22:32:30,805 - DEBUG - Iter 70/500 - Loss: -0.732
2024-08-23 22:32:30,806 - INFO - Early cut off at epoch 69 with loss of -0.7322447299957275
2024-08-23 22:32:31,467 - INFO - NLL: -0.3536; RMSE: 0.2369; NMSE: 1.1248
2024-08-23 22:32:31,468 - INFO - training starts for model <class '__main__.Linear_Model_Of_Corregionalization'> with kernel <class '__main__.K_MS_with_Feat_Scaling'>; lr: 0.6907755732536316; step_size:32.5; gamma:0.20000000298023224
2024-08-23 22:32:31,477 - DEBUG - Completed
2024-08-23 22:33:27,609 - DEBUG - Iter 65/500 - Loss: 5.138
2024-08-23 22:36:43,738 - DEBUG - Iter 130/500 - Loss: 5.074
2024-08-23 22:41:46,143 - DEBUG - Iter 195/500 - Loss: 5.266
2024-08-23 22:46:47,127 - DEBUG - Iter 260/500 - Loss: 5.386
2024-08-23 22:51:48,003 - DEBUG - Iter 325/500 - Loss: 5.245
2024-08-23 22:56:50,356 - DEBUG - Iter 390/500 - Loss: 5.363
2024-08-23 23:01:59,807 - DEBUG - Iter 455/500 - Loss: 5.276
2024-08-23 23:05:39,466 - INFO - NLL: 25.2413; RMSE: 828.3628; NMSE: 3933.1378
2024-08-23 23:05:39,468 - INFO - training starts for model <class '__main__.Linear_Model_Of_Corregionalization'> with kernel <class '__main__.K_MS_with_Feat_Scaling'>; lr: 0.6907755732536316; step_size:55.0; gamma:0.20000000298023224
2024-08-23 23:05:39,478 - DEBUG - Completed
2024-08-23 23:08:04,357 - DEBUG - Iter 55/500 - Loss: 4.870
2024-08-23 23:12:25,390 - DEBUG - Iter 110/500 - Loss: 4.891
2024-08-23 23:16:47,836 - DEBUG - Iter 165/500 - Loss: 4.890
2024-08-23 23:21:05,111 - DEBUG - Iter 220/500 - Loss: 4.987
2024-08-23 23:25:19,168 - DEBUG - Iter 275/500 - Loss: 4.908
